2026-01-05 19:27:49.299 [main] INFO  c.t.o.PipelineOrchestratorApplication - Starting PipelineOrchestratorApplication using Java 17.0.16 with PID 29216 (D:\vibe\flow-forge-git-current\target\classes started by Admin in d:\vibe\flow-forge-git-current)
2026-01-05 19:27:49.302 [main] DEBUG c.t.o.PipelineOrchestratorApplication - Running with Spring Boot v3.2.0, Spring v6.1.1
2026-01-05 19:27:49.303 [main] INFO  c.t.o.PipelineOrchestratorApplication - The following 1 profile is active: "local"
2026-01-05 19:27:54.266 [main] WARN  org.hibernate.orm.deprecation - HHH90000025: H2Dialect does not need to be specified explicitly using 'hibernate.dialect' (remove the property setting and it will be selected by default)
2026-01-05 19:27:56.049 [main] DEBUG org.hibernate.SQL - create table applications (id bigint generated by default as identity, application_description varchar(255) not null, application_name varchar(255) not null, created_at timestamp(6) not null, gitlab_project_id varchar(255) not null, personal_access_token varchar(255) not null, project_name varchar(255), project_url varchar(255), token_status varchar(255) not null check (token_status in ('ACTIVE','EXPIRED','INVALID')), token_validation_last_update_date timestamp(6), updated_at timestamp(6) not null, primary key (id))
2026-01-05 19:27:56.064 [main] DEBUG org.hibernate.SQL - create table flow_executions (id uuid not null, created_at timestamp(6) not null, end_time timestamp(6), flow_id bigint not null, is_replay boolean, original_flow_execution_id uuid, runtime_variables json, start_time timestamp(6), status varchar(255) check (status in ('PENDING','RUNNING','PASSED','FAILED','CANCELLED','SCHEDULED','IN_PROGRESS')), primary key (id))
2026-01-05 19:27:56.068 [main] DEBUG org.hibernate.SQL - create table flow_steps (id bigint generated by default as identity, application_id bigint not null, branch varchar(255) not null, created_at timestamp(6) not null, description varchar(255), timer_days varchar(255), timer_hours varchar(255), timer_minutes varchar(255), scheduler_type varchar(255), squash_step_ids json, test_data_ids json, test_stage varchar(255) not null, test_tag varchar(255) not null, updated_at timestamp(6) not null, primary key (id))
2026-01-05 19:27:56.071 [main] DEBUG org.hibernate.SQL - create table flows (id bigint generated by default as identity, created_at timestamp(6) not null, flow_step_ids json not null, squash_test_case varchar(255) not null, squash_test_case_id bigint not null, updated_at timestamp(6) not null, primary key (id))
2026-01-05 19:27:56.073 [main] DEBUG org.hibernate.SQL - create table pipeline_executions (id bigint generated by default as identity, configured_test_data json, created_at timestamp(6) not null, end_time timestamp(6), flow_execution_id uuid not null, flow_id bigint not null, flow_step_id bigint not null, is_replay boolean not null, job_id bigint, job_url varchar(255), original_flow_execution_id uuid, pipeline_id bigint, pipeline_url varchar(255), resume_time timestamp(6), runtime_test_data json, start_time timestamp(6), status varchar(255) check (status in ('PENDING','RUNNING','PASSED','FAILED','CANCELLED','SCHEDULED','IN_PROGRESS')), primary key (id))
2026-01-05 19:27:56.077 [main] DEBUG org.hibernate.SQL - create table test_data (data_id bigint generated by default as identity, application_id bigint, application_name varchar(255) not null, category varchar(255) not null, created_at timestamp(6) not null, description varchar(255), updated_at timestamp(6) not null, variables json not null, primary key (data_id))
2026-01-05 19:28:00.118 [main] WARN  o.s.b.a.o.j.JpaBaseConfiguration$JpaWebConfiguration - spring.jpa.open-in-view is enabled by default. Therefore, database queries may be performed during view rendering. Explicitly configure spring.jpa.open-in-view to disable this warning
2026-01-05 19:28:01.360 [main] INFO  c.t.o.PipelineOrchestratorApplication - Started PipelineOrchestratorApplication in 13.023 seconds (process running for 13.853)
2026-01-05 19:28:01.382 [scheduling-1] DEBUG c.t.o.service.SchedulingService - Checking for scheduled pipeline executions ready to resume...
2026-01-05 19:28:01.494 [scheduling-1] DEBUG org.hibernate.SQL - select pe1_0.id,pe1_0.configured_test_data,pe1_0.created_at,pe1_0.end_time,pe1_0.flow_execution_id,pe1_0.flow_id,pe1_0.flow_step_id,pe1_0.is_replay,pe1_0.job_id,pe1_0.job_url,pe1_0.original_flow_execution_id,pe1_0.pipeline_id,pe1_0.pipeline_url,pe1_0.resume_time,pe1_0.runtime_test_data,pe1_0.start_time,pe1_0.status from pipeline_executions pe1_0 where pe1_0.status=? and pe1_0.resume_time<?
2026-01-05 19:28:01.508 [scheduling-1] INFO  c.t.o.service.SchedulingService - Found 0 scheduled executions ready to resume
2026-01-05 19:29:01.371 [scheduling-1] DEBUG c.t.o.service.SchedulingService - Checking for scheduled pipeline executions ready to resume...
2026-01-05 19:29:01.374 [scheduling-1] DEBUG org.hibernate.SQL - select pe1_0.id,pe1_0.configured_test_data,pe1_0.created_at,pe1_0.end_time,pe1_0.flow_execution_id,pe1_0.flow_id,pe1_0.flow_step_id,pe1_0.is_replay,pe1_0.job_id,pe1_0.job_url,pe1_0.original_flow_execution_id,pe1_0.pipeline_id,pe1_0.pipeline_url,pe1_0.resume_time,pe1_0.runtime_test_data,pe1_0.start_time,pe1_0.status from pipeline_executions pe1_0 where pe1_0.status=? and pe1_0.resume_time<?
2026-01-05 19:29:01.375 [scheduling-1] INFO  c.t.o.service.SchedulingService - Found 0 scheduled executions ready to resume
2026-01-05 19:29:13.596 [main] INFO  c.t.o.PipelineOrchestratorApplication - Starting PipelineOrchestratorApplication using Java 17.0.16 with PID 22224 (D:\vibe\flow-forge-git-current\target\classes started by Admin in D:\vibe\flow-forge-git-current)
2026-01-05 19:29:13.598 [main] DEBUG c.t.o.PipelineOrchestratorApplication - Running with Spring Boot v3.2.0, Spring v6.1.1
2026-01-05 19:29:13.600 [main] INFO  c.t.o.PipelineOrchestratorApplication - The following 1 profile is active: "local"
2026-01-05 19:29:17.219 [main] WARN  org.hibernate.orm.deprecation - HHH90000025: H2Dialect does not need to be specified explicitly using 'hibernate.dialect' (remove the property setting and it will be selected by default)
2026-01-05 19:29:18.315 [main] DEBUG org.hibernate.SQL - create table applications (id bigint generated by default as identity, application_description varchar(255) not null, application_name varchar(255) not null, created_at timestamp(6) not null, gitlab_project_id varchar(255) not null, personal_access_token varchar(255) not null, project_name varchar(255), project_url varchar(255), token_status varchar(255) not null check (token_status in ('ACTIVE','EXPIRED','INVALID')), token_validation_last_update_date timestamp(6), updated_at timestamp(6) not null, primary key (id))
2026-01-05 19:29:18.328 [main] DEBUG org.hibernate.SQL - create table flow_executions (id uuid not null, created_at timestamp(6) not null, end_time timestamp(6), flow_id bigint not null, is_replay boolean, original_flow_execution_id uuid, runtime_variables json, start_time timestamp(6), status varchar(255) check (status in ('PENDING','RUNNING','PASSED','FAILED','CANCELLED','SCHEDULED','IN_PROGRESS')), primary key (id))
2026-01-05 19:29:18.332 [main] DEBUG org.hibernate.SQL - create table flow_steps (id bigint generated by default as identity, application_id bigint not null, branch varchar(255) not null, created_at timestamp(6) not null, description varchar(255), timer_days varchar(255), timer_hours varchar(255), timer_minutes varchar(255), scheduler_type varchar(255), squash_step_ids json, test_data_ids json, test_stage varchar(255) not null, test_tag varchar(255) not null, updated_at timestamp(6) not null, primary key (id))
2026-01-05 19:29:18.333 [main] DEBUG org.hibernate.SQL - create table flows (id bigint generated by default as identity, created_at timestamp(6) not null, flow_step_ids json not null, squash_test_case varchar(255) not null, squash_test_case_id bigint not null, updated_at timestamp(6) not null, primary key (id))
2026-01-05 19:29:18.335 [main] DEBUG org.hibernate.SQL - create table pipeline_executions (id bigint generated by default as identity, configured_test_data json, created_at timestamp(6) not null, end_time timestamp(6), flow_execution_id uuid not null, flow_id bigint not null, flow_step_id bigint not null, is_replay boolean not null, job_id bigint, job_url varchar(255), original_flow_execution_id uuid, pipeline_id bigint, pipeline_url varchar(255), resume_time timestamp(6), runtime_test_data json, start_time timestamp(6), status varchar(255) check (status in ('PENDING','RUNNING','PASSED','FAILED','CANCELLED','SCHEDULED','IN_PROGRESS')), primary key (id))
2026-01-05 19:29:18.337 [main] DEBUG org.hibernate.SQL - create table test_data (data_id bigint generated by default as identity, application_id bigint, application_name varchar(255) not null, category varchar(255) not null, created_at timestamp(6) not null, description varchar(255), updated_at timestamp(6) not null, variables json not null, primary key (data_id))
2026-01-05 19:29:21.030 [main] WARN  o.s.b.a.o.j.JpaBaseConfiguration$JpaWebConfiguration - spring.jpa.open-in-view is enabled by default. Therefore, database queries may be performed during view rendering. Explicitly configure spring.jpa.open-in-view to disable this warning
2026-01-05 19:29:22.023 [main] WARN  o.s.b.w.s.c.AnnotationConfigServletWebServerApplicationContext - Exception encountered during context initialization - cancelling refresh attempt: org.springframework.context.ApplicationContextException: Failed to start bean 'webServerStartStop'
2026-01-05 19:29:22.075 [main] ERROR o.s.b.d.LoggingFailureAnalysisReporter - 

***************************
APPLICATION FAILED TO START
***************************

Description:

Web server failed to start. Port 8080 was already in use.

Action:

Identify and stop the process that's listening on port 8080 or configure this application to listen on another port.

2026-01-05 19:29:58.411 [main] INFO  c.t.o.PipelineOrchestratorApplication - Starting PipelineOrchestratorApplication using Java 17.0.16 with PID 30744 (D:\vibe\flow-forge-git-current\target\classes started by Admin in D:\vibe\flow-forge-git-current)
2026-01-05 19:29:58.414 [main] DEBUG c.t.o.PipelineOrchestratorApplication - Running with Spring Boot v3.2.0, Spring v6.1.1
2026-01-05 19:29:58.415 [main] INFO  c.t.o.PipelineOrchestratorApplication - The following 1 profile is active: "local"
2026-01-05 19:30:01.595 [main] WARN  org.hibernate.orm.deprecation - HHH90000025: H2Dialect does not need to be specified explicitly using 'hibernate.dialect' (remove the property setting and it will be selected by default)
2026-01-05 19:30:02.745 [main] DEBUG org.hibernate.SQL - create table applications (id bigint generated by default as identity, application_description varchar(255) not null, application_name varchar(255) not null, created_at timestamp(6) not null, gitlab_project_id varchar(255) not null, personal_access_token varchar(255) not null, project_name varchar(255), project_url varchar(255), token_status varchar(255) not null check (token_status in ('ACTIVE','EXPIRED','INVALID')), token_validation_last_update_date timestamp(6), updated_at timestamp(6) not null, primary key (id))
2026-01-05 19:30:02.758 [main] DEBUG org.hibernate.SQL - create table flow_executions (id uuid not null, created_at timestamp(6) not null, end_time timestamp(6), flow_id bigint not null, is_replay boolean, original_flow_execution_id uuid, runtime_variables json, start_time timestamp(6), status varchar(255) check (status in ('PENDING','RUNNING','PASSED','FAILED','CANCELLED','SCHEDULED','IN_PROGRESS')), primary key (id))
2026-01-05 19:30:02.761 [main] DEBUG org.hibernate.SQL - create table flow_steps (id bigint generated by default as identity, application_id bigint not null, branch varchar(255) not null, created_at timestamp(6) not null, description varchar(255), timer_days varchar(255), timer_hours varchar(255), timer_minutes varchar(255), scheduler_type varchar(255), squash_step_ids json, test_data_ids json, test_stage varchar(255) not null, test_tag varchar(255) not null, updated_at timestamp(6) not null, primary key (id))
2026-01-05 19:30:02.765 [main] DEBUG org.hibernate.SQL - create table flows (id bigint generated by default as identity, created_at timestamp(6) not null, flow_step_ids json not null, squash_test_case varchar(255) not null, squash_test_case_id bigint not null, updated_at timestamp(6) not null, primary key (id))
2026-01-05 19:30:02.767 [main] DEBUG org.hibernate.SQL - create table pipeline_executions (id bigint generated by default as identity, configured_test_data json, created_at timestamp(6) not null, end_time timestamp(6), flow_execution_id uuid not null, flow_id bigint not null, flow_step_id bigint not null, is_replay boolean not null, job_id bigint, job_url varchar(255), original_flow_execution_id uuid, pipeline_id bigint, pipeline_url varchar(255), resume_time timestamp(6), runtime_test_data json, start_time timestamp(6), status varchar(255) check (status in ('PENDING','RUNNING','PASSED','FAILED','CANCELLED','SCHEDULED','IN_PROGRESS')), primary key (id))
2026-01-05 19:30:02.769 [main] DEBUG org.hibernate.SQL - create table test_data (data_id bigint generated by default as identity, application_id bigint, application_name varchar(255) not null, category varchar(255) not null, created_at timestamp(6) not null, description varchar(255), updated_at timestamp(6) not null, variables json not null, primary key (data_id))
2026-01-05 19:30:05.633 [main] WARN  o.s.b.a.o.j.JpaBaseConfiguration$JpaWebConfiguration - spring.jpa.open-in-view is enabled by default. Therefore, database queries may be performed during view rendering. Explicitly configure spring.jpa.open-in-view to disable this warning
2026-01-05 19:30:06.726 [main] INFO  c.t.o.PipelineOrchestratorApplication - Started PipelineOrchestratorApplication in 8.978 seconds (process running for 9.492)
2026-01-05 19:30:06.746 [scheduling-1] DEBUG c.t.o.service.SchedulingService - Checking for scheduled pipeline executions ready to resume...
2026-01-05 19:30:06.854 [scheduling-1] DEBUG org.hibernate.SQL - select pe1_0.id,pe1_0.configured_test_data,pe1_0.created_at,pe1_0.end_time,pe1_0.flow_execution_id,pe1_0.flow_id,pe1_0.flow_step_id,pe1_0.is_replay,pe1_0.job_id,pe1_0.job_url,pe1_0.original_flow_execution_id,pe1_0.pipeline_id,pe1_0.pipeline_url,pe1_0.resume_time,pe1_0.runtime_test_data,pe1_0.start_time,pe1_0.status from pipeline_executions pe1_0 where pe1_0.status=? and pe1_0.resume_time<?
2026-01-05 19:30:06.866 [scheduling-1] INFO  c.t.o.service.SchedulingService - Found 0 scheduled executions ready to resume
2026-01-05 19:30:47.740 [http-nio-8080-exec-1] INFO  o.s.web.servlet.DispatcherServlet - Initializing Servlet 'dispatcherServlet'
2026-01-05 19:30:47.743 [http-nio-8080-exec-1] INFO  o.s.web.servlet.DispatcherServlet - Completed initialization in 1 ms
2026-01-05 19:30:49.031 [http-nio-8080-exec-9] INFO  o.s.api.AbstractOpenApiResource - Init duration for springdoc-openapi is: 901 ms
2026-01-05 19:31:06.731 [scheduling-1] DEBUG c.t.o.service.SchedulingService - Checking for scheduled pipeline executions ready to resume...
2026-01-05 19:31:06.735 [scheduling-1] DEBUG org.hibernate.SQL - select pe1_0.id,pe1_0.configured_test_data,pe1_0.created_at,pe1_0.end_time,pe1_0.flow_execution_id,pe1_0.flow_id,pe1_0.flow_step_id,pe1_0.is_replay,pe1_0.job_id,pe1_0.job_url,pe1_0.original_flow_execution_id,pe1_0.pipeline_id,pe1_0.pipeline_url,pe1_0.resume_time,pe1_0.runtime_test_data,pe1_0.start_time,pe1_0.status from pipeline_executions pe1_0 where pe1_0.status=? and pe1_0.resume_time<?
2026-01-05 19:31:06.737 [scheduling-1] INFO  c.t.o.service.SchedulingService - Found 0 scheduled executions ready to resume
2026-01-05 19:31:38.765 [http-nio-8080-exec-10] INFO  c.t.o.c.ApplicationController - Creating new application for GitLab project: 68536844
2026-01-05 19:31:38.766 [http-nio-8080-exec-10] INFO  c.t.o.service.ApplicationService - Creating new application for GitLab project: 68536844
2026-01-05 19:31:38.773 [http-nio-8080-exec-10] DEBUG org.hibernate.SQL - select a1_0.id from applications a1_0 where a1_0.gitlab_project_id=? fetch first ? rows only
2026-01-05 19:31:38.774 [http-nio-8080-exec-10] INFO  c.t.o.service.ApplicationService - Validating GitLab connection for project: 68536844
2026-01-05 19:31:38.775 [http-nio-8080-exec-10] INFO  c.t.o.util.GitLabApiClient - Validating GitLab connection for project 68536844 from URL: https://gitlab.com/api/v4/projects/68536844
2026-01-05 19:31:38.775 [http-nio-8080-exec-10] DEBUG c.t.o.util.GitLabApiClient - Using access token length: 57
2026-01-05 19:31:40.254 [reactor-http-nio-2] INFO  c.t.o.util.GitLabApiClient - GitLab connection validated successfully for project: flow_forge_proj1
2026-01-05 19:31:40.255 [http-nio-8080-exec-10] INFO  c.t.o.service.ApplicationService - GitLab connection validation successful for project: flow_forge_proj1 (org_rzx / flow_forge_proj1)
2026-01-05 19:31:40.294 [http-nio-8080-exec-10] DEBUG org.hibernate.SQL - insert into applications (application_description,application_name,created_at,gitlab_project_id,personal_access_token,project_name,project_url,token_status,token_validation_last_update_date,updated_at,id) values (?,?,?,?,?,?,?,?,?,?,default)
2026-01-05 19:31:40.309 [http-nio-8080-exec-10] INFO  c.t.o.service.ApplicationService - Application created with ID: 1
2026-01-05 19:31:55.696 [http-nio-8080-exec-6] INFO  c.t.o.c.ApplicationController - Creating new application for GitLab project: 68536939
2026-01-05 19:31:55.696 [http-nio-8080-exec-6] INFO  c.t.o.service.ApplicationService - Creating new application for GitLab project: 68536939
2026-01-05 19:31:55.698 [http-nio-8080-exec-6] DEBUG org.hibernate.SQL - select a1_0.id from applications a1_0 where a1_0.gitlab_project_id=? fetch first ? rows only
2026-01-05 19:31:55.699 [http-nio-8080-exec-6] INFO  c.t.o.service.ApplicationService - Validating GitLab connection for project: 68536939
2026-01-05 19:31:55.700 [http-nio-8080-exec-6] INFO  c.t.o.util.GitLabApiClient - Validating GitLab connection for project 68536939 from URL: https://gitlab.com/api/v4/projects/68536939
2026-01-05 19:31:55.700 [http-nio-8080-exec-6] DEBUG c.t.o.util.GitLabApiClient - Using access token length: 57
2026-01-05 19:31:56.676 [reactor-http-nio-2] INFO  c.t.o.util.GitLabApiClient - GitLab connection validated successfully for project: flow_forge_proj2
2026-01-05 19:31:56.677 [http-nio-8080-exec-6] INFO  c.t.o.service.ApplicationService - GitLab connection validation successful for project: flow_forge_proj2 (org_rzx / flow_forge_proj2)
2026-01-05 19:31:56.679 [http-nio-8080-exec-6] DEBUG org.hibernate.SQL - insert into applications (application_description,application_name,created_at,gitlab_project_id,personal_access_token,project_name,project_url,token_status,token_validation_last_update_date,updated_at,id) values (?,?,?,?,?,?,?,?,?,?,default)
2026-01-05 19:31:56.681 [http-nio-8080-exec-6] INFO  c.t.o.service.ApplicationService - Application created with ID: 2
2026-01-05 19:32:06.730 [scheduling-1] DEBUG c.t.o.service.SchedulingService - Checking for scheduled pipeline executions ready to resume...
2026-01-05 19:32:06.733 [scheduling-1] DEBUG org.hibernate.SQL - select pe1_0.id,pe1_0.configured_test_data,pe1_0.created_at,pe1_0.end_time,pe1_0.flow_execution_id,pe1_0.flow_id,pe1_0.flow_step_id,pe1_0.is_replay,pe1_0.job_id,pe1_0.job_url,pe1_0.original_flow_execution_id,pe1_0.pipeline_id,pe1_0.pipeline_url,pe1_0.resume_time,pe1_0.runtime_test_data,pe1_0.start_time,pe1_0.status from pipeline_executions pe1_0 where pe1_0.status=? and pe1_0.resume_time<?
2026-01-05 19:32:06.734 [scheduling-1] INFO  c.t.o.service.SchedulingService - Found 0 scheduled executions ready to resume
2026-01-05 19:33:06.725 [scheduling-1] DEBUG c.t.o.service.SchedulingService - Checking for scheduled pipeline executions ready to resume...
2026-01-05 19:33:06.728 [scheduling-1] DEBUG org.hibernate.SQL - select pe1_0.id,pe1_0.configured_test_data,pe1_0.created_at,pe1_0.end_time,pe1_0.flow_execution_id,pe1_0.flow_id,pe1_0.flow_step_id,pe1_0.is_replay,pe1_0.job_id,pe1_0.job_url,pe1_0.original_flow_execution_id,pe1_0.pipeline_id,pe1_0.pipeline_url,pe1_0.resume_time,pe1_0.runtime_test_data,pe1_0.start_time,pe1_0.status from pipeline_executions pe1_0 where pe1_0.status=? and pe1_0.resume_time<?
2026-01-05 19:33:06.729 [scheduling-1] INFO  c.t.o.service.SchedulingService - Found 0 scheduled executions ready to resume
2026-01-05 19:34:06.731 [scheduling-1] DEBUG c.t.o.service.SchedulingService - Checking for scheduled pipeline executions ready to resume...
2026-01-05 19:34:06.733 [scheduling-1] DEBUG org.hibernate.SQL - select pe1_0.id,pe1_0.configured_test_data,pe1_0.created_at,pe1_0.end_time,pe1_0.flow_execution_id,pe1_0.flow_id,pe1_0.flow_step_id,pe1_0.is_replay,pe1_0.job_id,pe1_0.job_url,pe1_0.original_flow_execution_id,pe1_0.pipeline_id,pe1_0.pipeline_url,pe1_0.resume_time,pe1_0.runtime_test_data,pe1_0.start_time,pe1_0.status from pipeline_executions pe1_0 where pe1_0.status=? and pe1_0.resume_time<?
2026-01-05 19:34:06.734 [scheduling-1] INFO  c.t.o.service.SchedulingService - Found 0 scheduled executions ready to resume
2026-01-05 19:35:06.740 [scheduling-1] DEBUG c.t.o.service.SchedulingService - Checking for scheduled pipeline executions ready to resume...
2026-01-05 19:35:06.746 [scheduling-1] DEBUG org.hibernate.SQL - select pe1_0.id,pe1_0.configured_test_data,pe1_0.created_at,pe1_0.end_time,pe1_0.flow_execution_id,pe1_0.flow_id,pe1_0.flow_step_id,pe1_0.is_replay,pe1_0.job_id,pe1_0.job_url,pe1_0.original_flow_execution_id,pe1_0.pipeline_id,pe1_0.pipeline_url,pe1_0.resume_time,pe1_0.runtime_test_data,pe1_0.start_time,pe1_0.status from pipeline_executions pe1_0 where pe1_0.status=? and pe1_0.resume_time<?
2026-01-05 19:35:06.747 [scheduling-1] INFO  c.t.o.service.SchedulingService - Found 0 scheduled executions ready to resume
2026-01-05 19:35:07.745 [http-nio-8080-exec-8] DEBUG org.hibernate.SQL - select count(*) from applications a1_0 where a1_0.id=?
2026-01-05 19:35:07.758 [http-nio-8080-exec-8] DEBUG org.hibernate.SQL - insert into test_data (application_id,application_name,category,created_at,description,updated_at,variables,data_id) values (?,?,?,?,?,?,? format json,default)
2026-01-05 19:35:52.997 [http-nio-8080-exec-7] DEBUG org.hibernate.SQL - select count(*) from applications a1_0 where a1_0.id=?
2026-01-05 19:35:52.999 [http-nio-8080-exec-7] DEBUG org.hibernate.SQL - insert into test_data (application_id,application_name,category,created_at,description,updated_at,variables,data_id) values (?,?,?,?,?,?,? format json,default)
2026-01-05 19:36:06.730 [scheduling-1] DEBUG c.t.o.service.SchedulingService - Checking for scheduled pipeline executions ready to resume...
2026-01-05 19:36:06.732 [scheduling-1] DEBUG org.hibernate.SQL - select pe1_0.id,pe1_0.configured_test_data,pe1_0.created_at,pe1_0.end_time,pe1_0.flow_execution_id,pe1_0.flow_id,pe1_0.flow_step_id,pe1_0.is_replay,pe1_0.job_id,pe1_0.job_url,pe1_0.original_flow_execution_id,pe1_0.pipeline_id,pe1_0.pipeline_url,pe1_0.resume_time,pe1_0.runtime_test_data,pe1_0.start_time,pe1_0.status from pipeline_executions pe1_0 where pe1_0.status=? and pe1_0.resume_time<?
2026-01-05 19:36:06.733 [scheduling-1] INFO  c.t.o.service.SchedulingService - Found 0 scheduled executions ready to resume
2026-01-05 19:37:06.738 [scheduling-1] DEBUG c.t.o.service.SchedulingService - Checking for scheduled pipeline executions ready to resume...
2026-01-05 19:37:06.740 [scheduling-1] DEBUG org.hibernate.SQL - select pe1_0.id,pe1_0.configured_test_data,pe1_0.created_at,pe1_0.end_time,pe1_0.flow_execution_id,pe1_0.flow_id,pe1_0.flow_step_id,pe1_0.is_replay,pe1_0.job_id,pe1_0.job_url,pe1_0.original_flow_execution_id,pe1_0.pipeline_id,pe1_0.pipeline_url,pe1_0.resume_time,pe1_0.runtime_test_data,pe1_0.start_time,pe1_0.status from pipeline_executions pe1_0 where pe1_0.status=? and pe1_0.resume_time<?
2026-01-05 19:37:06.741 [scheduling-1] INFO  c.t.o.service.SchedulingService - Found 0 scheduled executions ready to resume
2026-01-05 19:38:06.729 [scheduling-1] DEBUG c.t.o.service.SchedulingService - Checking for scheduled pipeline executions ready to resume...
2026-01-05 19:38:06.732 [scheduling-1] DEBUG org.hibernate.SQL - select pe1_0.id,pe1_0.configured_test_data,pe1_0.created_at,pe1_0.end_time,pe1_0.flow_execution_id,pe1_0.flow_id,pe1_0.flow_step_id,pe1_0.is_replay,pe1_0.job_id,pe1_0.job_url,pe1_0.original_flow_execution_id,pe1_0.pipeline_id,pe1_0.pipeline_url,pe1_0.resume_time,pe1_0.runtime_test_data,pe1_0.start_time,pe1_0.status from pipeline_executions pe1_0 where pe1_0.status=? and pe1_0.resume_time<?
2026-01-05 19:38:06.733 [scheduling-1] INFO  c.t.o.service.SchedulingService - Found 0 scheduled executions ready to resume
2026-01-05 19:39:06.736 [scheduling-1] DEBUG c.t.o.service.SchedulingService - Checking for scheduled pipeline executions ready to resume...
2026-01-05 19:39:06.739 [scheduling-1] DEBUG org.hibernate.SQL - select pe1_0.id,pe1_0.configured_test_data,pe1_0.created_at,pe1_0.end_time,pe1_0.flow_execution_id,pe1_0.flow_id,pe1_0.flow_step_id,pe1_0.is_replay,pe1_0.job_id,pe1_0.job_url,pe1_0.original_flow_execution_id,pe1_0.pipeline_id,pe1_0.pipeline_url,pe1_0.resume_time,pe1_0.runtime_test_data,pe1_0.start_time,pe1_0.status from pipeline_executions pe1_0 where pe1_0.status=? and pe1_0.resume_time<?
2026-01-05 19:39:06.741 [scheduling-1] INFO  c.t.o.service.SchedulingService - Found 0 scheduled executions ready to resume
2026-01-05 19:40:06.736 [scheduling-1] DEBUG c.t.o.service.SchedulingService - Checking for scheduled pipeline executions ready to resume...
2026-01-05 19:40:06.739 [scheduling-1] DEBUG org.hibernate.SQL - select pe1_0.id,pe1_0.configured_test_data,pe1_0.created_at,pe1_0.end_time,pe1_0.flow_execution_id,pe1_0.flow_id,pe1_0.flow_step_id,pe1_0.is_replay,pe1_0.job_id,pe1_0.job_url,pe1_0.original_flow_execution_id,pe1_0.pipeline_id,pe1_0.pipeline_url,pe1_0.resume_time,pe1_0.runtime_test_data,pe1_0.start_time,pe1_0.status from pipeline_executions pe1_0 where pe1_0.status=? and pe1_0.resume_time<?
2026-01-05 19:40:06.740 [scheduling-1] INFO  c.t.o.service.SchedulingService - Found 0 scheduled executions ready to resume
2026-01-05 19:40:29.722 [http-nio-8080-exec-10] INFO  c.t.o.controller.FlowController - Creating new flow with 2 steps
2026-01-05 19:40:29.723 [http-nio-8080-exec-10] INFO  c.t.o.service.CombinedFlowService - Creating new flow from create DTO with 2 steps
2026-01-05 19:40:29.726 [http-nio-8080-exec-10] DEBUG org.hibernate.SQL - select count(*) from applications a1_0 where a1_0.id=?
2026-01-05 19:40:29.728 [http-nio-8080-exec-10] DEBUG org.hibernate.SQL - select count(*) from applications a1_0 where a1_0.id=?
2026-01-05 19:40:29.730 [http-nio-8080-exec-10] DEBUG org.hibernate.SQL - select td1_0.data_id from test_data td1_0 where td1_0.data_id=? fetch first ? rows only
2026-01-05 19:40:29.733 [http-nio-8080-exec-10] DEBUG org.hibernate.SQL - select td1_0.data_id from test_data td1_0 where td1_0.data_id=? fetch first ? rows only
2026-01-05 19:40:29.740 [http-nio-8080-exec-10] DEBUG org.hibernate.SQL - insert into flow_steps (application_id,branch,created_at,description,timer_days,timer_hours,timer_minutes,scheduler_type,squash_step_ids,test_data_ids,test_stage,test_tag,updated_at,id) values (?,?,?,?,?,?,?,?,? format json,? format json,?,?,?,default)
2026-01-05 19:40:29.745 [http-nio-8080-exec-10] DEBUG org.hibernate.SQL - insert into flow_steps (application_id,branch,created_at,description,timer_days,timer_hours,timer_minutes,scheduler_type,squash_step_ids,test_data_ids,test_stage,test_tag,updated_at,id) values (?,?,?,?,?,?,?,?,? format json,? format json,?,?,?,default)
2026-01-05 19:40:29.749 [http-nio-8080-exec-10] DEBUG org.hibernate.SQL - insert into flows (created_at,flow_step_ids,squash_test_case,squash_test_case_id,updated_at,id) values (?,? format json,?,?,?,default)
2026-01-05 19:40:29.751 [http-nio-8080-exec-10] INFO  c.t.o.service.CombinedFlowService - Flow created with ID: 1
2026-01-05 19:40:29.760 [http-nio-8080-exec-10] DEBUG org.hibernate.SQL - select td1_0.data_id,td1_0.application_id,td1_0.application_name,td1_0.category,td1_0.created_at,td1_0.description,td1_0.updated_at,td1_0.variables from test_data td1_0 where td1_0.data_id=?
2026-01-05 19:40:29.765 [http-nio-8080-exec-10] DEBUG org.hibernate.SQL - select td1_0.data_id,td1_0.application_id,td1_0.application_name,td1_0.category,td1_0.created_at,td1_0.description,td1_0.updated_at,td1_0.variables from test_data td1_0 where td1_0.data_id=?
2026-01-05 19:41:02.463 [http-nio-8080-exec-3] INFO  c.t.o.c.FlowExecutionController - Starting execution of flow ID: 1
2026-01-05 19:41:02.464 [http-nio-8080-exec-3] INFO  c.t.o.service.FlowExecutionService - Creating flow execution for flow ID: 1
2026-01-05 19:41:02.465 [http-nio-8080-exec-3] DEBUG org.hibernate.SQL - select f1_0.id,f1_0.created_at,f1_0.flow_step_ids,f1_0.squash_test_case,f1_0.squash_test_case_id,f1_0.updated_at from flows f1_0 where f1_0.id=?
2026-01-05 19:41:02.472 [http-nio-8080-exec-3] DEBUG org.hibernate.SQL - select fe1_0.id,fe1_0.created_at,fe1_0.end_time,fe1_0.flow_id,fe1_0.is_replay,fe1_0.original_flow_execution_id,fe1_0.runtime_variables,fe1_0.start_time,fe1_0.status from flow_executions fe1_0 where fe1_0.id=?
2026-01-05 19:41:02.493 [http-nio-8080-exec-3] DEBUG org.hibernate.SQL - select fs1_0.id,fs1_0.application_id,fs1_0.branch,fs1_0.created_at,fs1_0.description,fs1_0.timer_days,fs1_0.timer_hours,fs1_0.timer_minutes,fs1_0.scheduler_type,fs1_0.squash_step_ids,fs1_0.test_data_ids,fs1_0.test_stage,fs1_0.test_tag,fs1_0.updated_at from flow_steps fs1_0 where fs1_0.id=?
2026-01-05 19:41:02.503 [http-nio-8080-exec-3] DEBUG org.hibernate.SQL - select td1_0.data_id,td1_0.application_id,td1_0.application_name,td1_0.category,td1_0.created_at,td1_0.description,td1_0.updated_at,td1_0.variables from test_data td1_0 where td1_0.data_id in (?)
2026-01-05 19:41:02.516 [http-nio-8080-exec-3] DEBUG org.hibernate.SQL - insert into pipeline_executions (configured_test_data,created_at,end_time,flow_execution_id,flow_id,flow_step_id,is_replay,job_id,job_url,original_flow_execution_id,pipeline_id,pipeline_url,resume_time,runtime_test_data,start_time,status,id) values (? format json,?,?,?,?,?,?,?,?,?,?,?,?,? format json,?,?,default)
2026-01-05 19:41:02.519 [http-nio-8080-exec-3] DEBUG org.hibernate.SQL - select fs1_0.id,fs1_0.application_id,fs1_0.branch,fs1_0.created_at,fs1_0.description,fs1_0.timer_days,fs1_0.timer_hours,fs1_0.timer_minutes,fs1_0.scheduler_type,fs1_0.squash_step_ids,fs1_0.test_data_ids,fs1_0.test_stage,fs1_0.test_tag,fs1_0.updated_at from flow_steps fs1_0 where fs1_0.id=?
2026-01-05 19:41:02.522 [http-nio-8080-exec-3] DEBUG org.hibernate.SQL - select td1_0.data_id,td1_0.application_id,td1_0.application_name,td1_0.category,td1_0.created_at,td1_0.description,td1_0.updated_at,td1_0.variables from test_data td1_0 where td1_0.data_id in (?)
2026-01-05 19:41:02.527 [http-nio-8080-exec-3] DEBUG org.hibernate.SQL - insert into pipeline_executions (configured_test_data,created_at,end_time,flow_execution_id,flow_id,flow_step_id,is_replay,job_id,job_url,original_flow_execution_id,pipeline_id,pipeline_url,resume_time,runtime_test_data,start_time,status,id) values (? format json,?,?,?,?,?,?,?,?,?,?,?,?,? format json,?,?,default)
2026-01-05 19:41:02.530 [http-nio-8080-exec-3] INFO  c.t.o.service.FlowExecutionService - Created flow execution with ID: 812e01c5-e844-40f2-971d-811420ea4429 and pre-created 2 pipeline placeholders
2026-01-05 19:41:02.535 [http-nio-8080-exec-3] DEBUG org.hibernate.SQL - insert into flow_executions (created_at,end_time,flow_id,is_replay,original_flow_execution_id,runtime_variables,start_time,status,id) values (?,?,?,?,?,? format json,?,?,?)
2026-01-05 19:41:02.540 [FlowExecution-1] INFO  c.t.o.service.FlowExecutionService - Starting async execution of flow execution ID: 812e01c5-e844-40f2-971d-811420ea4429
2026-01-05 19:41:02.541 [FlowExecution-1] DEBUG org.hibernate.SQL - select fe1_0.id,fe1_0.created_at,fe1_0.end_time,fe1_0.flow_id,fe1_0.is_replay,fe1_0.original_flow_execution_id,fe1_0.runtime_variables,fe1_0.start_time,fe1_0.status from flow_executions fe1_0 where fe1_0.id=?
2026-01-05 19:41:02.544 [FlowExecution-1] DEBUG org.hibernate.SQL - select f1_0.id,f1_0.created_at,f1_0.flow_step_ids,f1_0.squash_test_case,f1_0.squash_test_case_id,f1_0.updated_at from flows f1_0 where f1_0.id=?
2026-01-05 19:41:02.547 [FlowExecution-1] DEBUG org.hibernate.SQL - select fs1_0.id,fs1_0.application_id,fs1_0.branch,fs1_0.created_at,fs1_0.description,fs1_0.timer_days,fs1_0.timer_hours,fs1_0.timer_minutes,fs1_0.scheduler_type,fs1_0.squash_step_ids,fs1_0.test_data_ids,fs1_0.test_stage,fs1_0.test_tag,fs1_0.updated_at from flow_steps fs1_0 where fs1_0.id=?
2026-01-05 19:41:02.550 [FlowExecution-1] DEBUG org.hibernate.SQL - select a1_0.id,a1_0.application_description,a1_0.application_name,a1_0.created_at,a1_0.gitlab_project_id,a1_0.personal_access_token,a1_0.project_name,a1_0.project_url,a1_0.token_status,a1_0.token_validation_last_update_date,a1_0.updated_at from applications a1_0 where a1_0.id=?
2026-01-05 19:41:02.556 [FlowExecution-1] DEBUG org.hibernate.SQL - select td1_0.data_id,td1_0.application_id,td1_0.application_name,td1_0.category,td1_0.created_at,td1_0.description,td1_0.updated_at,td1_0.variables from test_data td1_0 where td1_0.data_id in (?)
2026-01-05 19:41:02.558 [FlowExecution-1] DEBUG c.t.o.service.FlowExecutionService - Pipeline variables for step 1: {VERSION=2.0.1, API_KEY=SOMESampleApiKey1234, ENVIRONMENT=TestEnv}
2026-01-05 19:41:02.559 [FlowExecution-1] INFO  c.t.o.service.FlowExecutionService - Executing pipeline step: 1 for flow execution: 812e01c5-e844-40f2-971d-811420ea4429
2026-01-05 19:41:02.559 [FlowExecution-1] DEBUG c.t.o.service.FlowExecutionService - Added testTag 'regression' to pipeline variables for step 1
2026-01-05 19:41:02.561 [FlowExecution-1] DEBUG org.hibernate.SQL - select td1_0.data_id,td1_0.application_id,td1_0.application_name,td1_0.category,td1_0.created_at,td1_0.description,td1_0.updated_at,td1_0.variables from test_data td1_0 where td1_0.data_id in (?)
2026-01-05 19:41:02.563 [FlowExecution-1] DEBUG org.hibernate.SQL - insert into pipeline_executions (configured_test_data,created_at,end_time,flow_execution_id,flow_id,flow_step_id,is_replay,job_id,job_url,original_flow_execution_id,pipeline_id,pipeline_url,resume_time,runtime_test_data,start_time,status,id) values (? format json,?,?,?,?,?,?,?,?,?,?,?,?,? format json,?,?,default)
2026-01-05 19:41:02.565 [FlowExecution-1] DEBUG c.t.o.service.FlowExecutionService - Triggering pipeline with variables: {VERSION=2.0.1, API_KEY=SOMESampleApiKey1234, testTag=regression, ENVIRONMENT=TestEnv}
2026-01-05 19:41:02.570 [FlowExecution-1] INFO  c.t.o.util.GitLabApiClient - Triggering GitLab pipeline for project 68536844 on branch main
2026-01-05 19:41:05.896 [reactor-http-nio-3] INFO  c.t.o.util.GitLabApiClient - Pipeline triggered successfully: 2245340396
2026-01-05 19:41:05.897 [FlowExecution-1] INFO  c.t.o.service.FlowExecutionService - Pipeline triggered successfully: 2245340396 for step 1
2026-01-05 19:41:05.897 [FlowExecution-1] INFO  c.t.o.service.FlowExecutionService - Starting to poll pipeline completion for pipeline: 2245340396
2026-01-05 19:41:06.727 [scheduling-1] DEBUG c.t.o.service.SchedulingService - Checking for scheduled pipeline executions ready to resume...
2026-01-05 19:41:06.729 [scheduling-1] DEBUG org.hibernate.SQL - select pe1_0.id,pe1_0.configured_test_data,pe1_0.created_at,pe1_0.end_time,pe1_0.flow_execution_id,pe1_0.flow_id,pe1_0.flow_step_id,pe1_0.is_replay,pe1_0.job_id,pe1_0.job_url,pe1_0.original_flow_execution_id,pe1_0.pipeline_id,pe1_0.pipeline_url,pe1_0.resume_time,pe1_0.runtime_test_data,pe1_0.start_time,pe1_0.status from pipeline_executions pe1_0 where pe1_0.status=? and pe1_0.resume_time<?
2026-01-05 19:41:06.731 [scheduling-1] INFO  c.t.o.service.SchedulingService - Found 0 scheduled executions ready to resume
2026-01-05 19:41:45.670 [http-nio-8080-exec-2] DEBUG c.t.o.c.FlowExecutionController - Fetching flow execution with UUID: 3fa85f64-5717-4562-b3fc-2c963f66afa6
2026-01-05 19:41:45.673 [http-nio-8080-exec-2] DEBUG c.t.o.service.FlowExecutionService - Fetching flow execution with ID: 3fa85f64-5717-4562-b3fc-2c963f66afa6
2026-01-05 19:41:45.674 [http-nio-8080-exec-2] DEBUG org.hibernate.SQL - select fe1_0.id,fe1_0.created_at,fe1_0.end_time,fe1_0.flow_id,fe1_0.is_replay,fe1_0.original_flow_execution_id,fe1_0.runtime_variables,fe1_0.start_time,fe1_0.status from flow_executions fe1_0 where fe1_0.id=?
2026-01-05 19:42:06.724 [scheduling-1] DEBUG c.t.o.service.SchedulingService - Checking for scheduled pipeline executions ready to resume...
2026-01-05 19:42:06.727 [scheduling-1] DEBUG org.hibernate.SQL - select pe1_0.id,pe1_0.configured_test_data,pe1_0.created_at,pe1_0.end_time,pe1_0.flow_execution_id,pe1_0.flow_id,pe1_0.flow_step_id,pe1_0.is_replay,pe1_0.job_id,pe1_0.job_url,pe1_0.original_flow_execution_id,pe1_0.pipeline_id,pe1_0.pipeline_url,pe1_0.resume_time,pe1_0.runtime_test_data,pe1_0.start_time,pe1_0.status from pipeline_executions pe1_0 where pe1_0.status=? and pe1_0.resume_time<?
2026-01-05 19:42:06.727 [scheduling-1] INFO  c.t.o.service.SchedulingService - Found 0 scheduled executions ready to resume
2026-01-05 19:42:07.985 [FlowExecution-1] DEBUG c.t.o.util.GitLabApiClient - Getting jobs for pipeline 2245340396
2026-01-05 19:42:08.516 [FlowExecution-1] INFO  c.t.o.service.FlowExecutionService - Found target job 12605831174 in stage setup for pipeline 2245340396
2026-01-05 19:42:08.519 [FlowExecution-1] INFO  c.t.o.util.GitLabApiClient - Downloading artifact target/output.env from job 12605831174
2026-01-05 19:42:09.674 [reactor-http-nio-3] INFO  c.t.o.util.GitLabApiClient - Artifact downloaded successfully from job 12605831174
2026-01-05 19:42:09.674 [FlowExecution-1] DEBUG c.t.o.util.OutputEnvParser - Parsed variable: API_KEY=123456
2026-01-05 19:42:09.674 [FlowExecution-1] DEBUG c.t.o.util.OutputEnvParser - Parsed variable: ENVIRONMENT=production
2026-01-05 19:42:09.676 [FlowExecution-1] DEBUG c.t.o.util.OutputEnvParser - Parsed variable: VERSION=1.0.0
2026-01-05 19:42:09.676 [FlowExecution-1] DEBUG c.t.o.util.OutputEnvParser - Parsed variable: SomeKey1=SomeValue1
2026-01-05 19:42:09.676 [FlowExecution-1] DEBUG c.t.o.util.OutputEnvParser - Parsed variable: SomeKey2=SomeValue2
2026-01-05 19:42:09.676 [FlowExecution-1] DEBUG c.t.o.util.OutputEnvParser - Parsed variable: SomeKey3=SomeValue3
2026-01-05 19:42:09.677 [FlowExecution-1] INFO  c.t.o.util.OutputEnvParser - Successfully parsed 6 variables from output.env
2026-01-05 19:42:09.677 [FlowExecution-1] INFO  c.t.o.service.FlowExecutionService - Successfully downloaded and parsed artifacts from job 12605831174: 6 variables
2026-01-05 19:42:09.678 [FlowExecution-1] INFO  c.t.o.service.FlowExecutionService - Pipeline 2245340396 completed with status: PASSED
2026-01-05 19:42:09.678 [FlowExecution-1] DEBUG c.t.o.service.FlowExecutionService - Accumulated runtime variables after step 1: {SomeKey3=SomeValue3, API_KEY=123456, ENVIRONMENT=production, VERSION=1.0.0, SomeKey1=SomeValue1, SomeKey2=SomeValue2}
2026-01-05 19:42:09.679 [FlowExecution-1] DEBUG org.hibernate.SQL - select fs1_0.id,fs1_0.application_id,fs1_0.branch,fs1_0.created_at,fs1_0.description,fs1_0.timer_days,fs1_0.timer_hours,fs1_0.timer_minutes,fs1_0.scheduler_type,fs1_0.squash_step_ids,fs1_0.test_data_ids,fs1_0.test_stage,fs1_0.test_tag,fs1_0.updated_at from flow_steps fs1_0 where fs1_0.id=?
2026-01-05 19:42:09.680 [FlowExecution-1] DEBUG org.hibernate.SQL - select a1_0.id,a1_0.application_description,a1_0.application_name,a1_0.created_at,a1_0.gitlab_project_id,a1_0.personal_access_token,a1_0.project_name,a1_0.project_url,a1_0.token_status,a1_0.token_validation_last_update_date,a1_0.updated_at from applications a1_0 where a1_0.id=?
2026-01-05 19:42:09.683 [FlowExecution-1] DEBUG org.hibernate.SQL - select td1_0.data_id,td1_0.application_id,td1_0.application_name,td1_0.category,td1_0.created_at,td1_0.description,td1_0.updated_at,td1_0.variables from test_data td1_0 where td1_0.data_id in (?)
2026-01-05 19:42:09.684 [FlowExecution-1] DEBUG c.t.o.service.FlowExecutionService - Pipeline variables for step 2: {SomeKey3=SomeValue3, API_KEY=123456, ENVIRONMENT=production, VERSION=1.0.0, var1=some value for var1, SomeKey1=SomeValue1, SomeKey2=SomeValue2}
2026-01-05 19:42:09.684 [FlowExecution-1] INFO  c.t.o.service.FlowExecutionService - Executing pipeline step: 2 for flow execution: 812e01c5-e844-40f2-971d-811420ea4429
2026-01-05 19:42:09.684 [FlowExecution-1] DEBUG c.t.o.service.FlowExecutionService - Added testTag 'sanity' to pipeline variables for step 2
2026-01-05 19:42:09.686 [FlowExecution-1] DEBUG org.hibernate.SQL - select td1_0.data_id,td1_0.application_id,td1_0.application_name,td1_0.category,td1_0.created_at,td1_0.description,td1_0.updated_at,td1_0.variables from test_data td1_0 where td1_0.data_id in (?)
2026-01-05 19:42:09.688 [FlowExecution-1] DEBUG org.hibernate.SQL - insert into pipeline_executions (configured_test_data,created_at,end_time,flow_execution_id,flow_id,flow_step_id,is_replay,job_id,job_url,original_flow_execution_id,pipeline_id,pipeline_url,resume_time,runtime_test_data,start_time,status,id) values (? format json,?,?,?,?,?,?,?,?,?,?,?,?,? format json,?,?,default)
2026-01-05 19:42:09.689 [FlowExecution-1] DEBUG c.t.o.service.FlowExecutionService - Triggering pipeline with variables: {SomeKey3=SomeValue3, API_KEY=123456, ENVIRONMENT=production, VERSION=1.0.0, var1=some value for var1, SomeKey1=SomeValue1, testTag=sanity, SomeKey2=SomeValue2}
2026-01-05 19:42:09.690 [FlowExecution-1] INFO  c.t.o.util.GitLabApiClient - Triggering GitLab pipeline for project 68536939 on branch main
2026-01-05 19:42:10.709 [reactor-http-nio-3] INFO  c.t.o.util.GitLabApiClient - Pipeline triggered successfully: 2245342248
2026-01-05 19:42:10.710 [FlowExecution-1] INFO  c.t.o.service.FlowExecutionService - Pipeline triggered successfully: 2245342248 for step 2
2026-01-05 19:42:10.710 [FlowExecution-1] INFO  c.t.o.service.FlowExecutionService - Starting to poll pipeline completion for pipeline: 2245342248
2026-01-05 19:42:27.784 [http-nio-8080-exec-1] DEBUG c.t.o.c.FlowExecutionController - Fetching flow execution with UUID: 3fa85f64-5717-4562-b3fc-2c963f66afa6
2026-01-05 19:42:27.784 [http-nio-8080-exec-1] DEBUG c.t.o.service.FlowExecutionService - Fetching flow execution with ID: 3fa85f64-5717-4562-b3fc-2c963f66afa6
2026-01-05 19:42:27.785 [http-nio-8080-exec-1] DEBUG org.hibernate.SQL - select fe1_0.id,fe1_0.created_at,fe1_0.end_time,fe1_0.flow_id,fe1_0.is_replay,fe1_0.original_flow_execution_id,fe1_0.runtime_variables,fe1_0.start_time,fe1_0.status from flow_executions fe1_0 where fe1_0.id=?
2026-01-05 19:42:44.791 [http-nio-8080-exec-4] DEBUG c.t.o.c.FlowExecutionController - Fetching flow execution with UUID: 3fa85f64-5717-4562-b3fc-2c963f66afa6
2026-01-05 19:42:44.791 [http-nio-8080-exec-4] DEBUG c.t.o.service.FlowExecutionService - Fetching flow execution with ID: 3fa85f64-5717-4562-b3fc-2c963f66afa6
2026-01-05 19:42:44.792 [http-nio-8080-exec-4] DEBUG org.hibernate.SQL - select fe1_0.id,fe1_0.created_at,fe1_0.end_time,fe1_0.flow_id,fe1_0.is_replay,fe1_0.original_flow_execution_id,fe1_0.runtime_variables,fe1_0.start_time,fe1_0.status from flow_executions fe1_0 where fe1_0.id=?
2026-01-05 19:42:58.661 [http-nio-8080-exec-6] DEBUG c.t.o.c.FlowExecutionController - Fetching flow execution with UUID: 3fa85f64-5717-4562-b3fc-2c963f66afa6
2026-01-05 19:42:58.661 [http-nio-8080-exec-6] DEBUG c.t.o.service.FlowExecutionService - Fetching flow execution with ID: 3fa85f64-5717-4562-b3fc-2c963f66afa6
2026-01-05 19:42:58.662 [http-nio-8080-exec-6] DEBUG org.hibernate.SQL - select fe1_0.id,fe1_0.created_at,fe1_0.end_time,fe1_0.flow_id,fe1_0.is_replay,fe1_0.original_flow_execution_id,fe1_0.runtime_variables,fe1_0.start_time,fe1_0.status from flow_executions fe1_0 where fe1_0.id=?
2026-01-05 19:43:06.736 [scheduling-1] DEBUG c.t.o.service.SchedulingService - Checking for scheduled pipeline executions ready to resume...
2026-01-05 19:43:06.741 [scheduling-1] DEBUG org.hibernate.SQL - select pe1_0.id,pe1_0.configured_test_data,pe1_0.created_at,pe1_0.end_time,pe1_0.flow_execution_id,pe1_0.flow_id,pe1_0.flow_step_id,pe1_0.is_replay,pe1_0.job_id,pe1_0.job_url,pe1_0.original_flow_execution_id,pe1_0.pipeline_id,pe1_0.pipeline_url,pe1_0.resume_time,pe1_0.runtime_test_data,pe1_0.start_time,pe1_0.status from pipeline_executions pe1_0 where pe1_0.status=? and pe1_0.resume_time<?
2026-01-05 19:43:06.743 [scheduling-1] INFO  c.t.o.service.SchedulingService - Found 0 scheduled executions ready to resume
2026-01-05 19:43:12.106 [http-nio-8080-exec-5] DEBUG c.t.o.c.FlowExecutionController - Fetching flow execution with UUID: 3fa85f64-5717-4562-b3fc-2c963f66afa6
2026-01-05 19:43:12.106 [http-nio-8080-exec-5] DEBUG c.t.o.service.FlowExecutionService - Fetching flow execution with ID: 3fa85f64-5717-4562-b3fc-2c963f66afa6
2026-01-05 19:43:12.107 [http-nio-8080-exec-5] DEBUG org.hibernate.SQL - select fe1_0.id,fe1_0.created_at,fe1_0.end_time,fe1_0.flow_id,fe1_0.is_replay,fe1_0.original_flow_execution_id,fe1_0.runtime_variables,fe1_0.start_time,fe1_0.status from flow_executions fe1_0 where fe1_0.id=?
2026-01-05 19:43:12.711 [FlowExecution-1] DEBUG c.t.o.util.GitLabApiClient - Getting jobs for pipeline 2245342248
2026-01-05 19:43:13.229 [FlowExecution-1] INFO  c.t.o.service.FlowExecutionService - Found target job 12605844114 in stage setup for pipeline 2245342248
2026-01-05 19:43:13.235 [FlowExecution-1] INFO  c.t.o.util.GitLabApiClient - Downloading artifact target/output.env from job 12605844114
2026-01-05 19:43:14.242 [reactor-http-nio-3] DEBUG c.t.o.util.GitLabApiClient - Failed to download artifact from job 12605844114: 404 Not Found from GET https://gitlab.com/api/v4/projects/68536939/jobs/12605844114/artifacts/target/output.env
2026-01-05 19:43:14.243 [FlowExecution-1] INFO  c.t.o.service.FlowExecutionService - No artifacts available for pipeline 2245342248 in stage 'setup' (this is normal if stage doesn't generate output.env): 404 Not Found from GET https://gitlab.com/api/v4/projects/68536939/jobs/12605844114/artifacts/target/output.env
2026-01-05 19:43:14.243 [FlowExecution-1] INFO  c.t.o.service.FlowExecutionService - Pipeline 2245342248 completed with status: PASSED
2026-01-05 19:43:14.244 [FlowExecution-1] DEBUG c.t.o.service.FlowExecutionService - Accumulated runtime variables after step 2: {SomeKey3=SomeValue3, API_KEY=123456, ENVIRONMENT=production, VERSION=1.0.0, var1=some value for var1, SomeKey1=SomeValue1, SomeKey2=SomeValue2}
2026-01-05 19:43:14.244 [FlowExecution-1] INFO  c.t.o.service.FlowExecutionService - Flow execution completed successfully: 812e01c5-e844-40f2-971d-811420ea4429
2026-01-05 19:43:14.247 [FlowExecution-1] DEBUG org.hibernate.SQL - update flow_executions set end_time=?,flow_id=?,is_replay=?,original_flow_execution_id=?,runtime_variables=? format json,start_time=?,status=? where id=?
2026-01-05 19:43:14.253 [FlowExecution-1] DEBUG org.hibernate.SQL - update pipeline_executions set configured_test_data=? format json,end_time=?,flow_execution_id=?,flow_id=?,flow_step_id=?,is_replay=?,job_id=?,job_url=?,original_flow_execution_id=?,pipeline_id=?,pipeline_url=?,resume_time=?,runtime_test_data=? format json,start_time=?,status=? where id=?
2026-01-05 19:43:14.257 [FlowExecution-1] DEBUG org.hibernate.SQL - update pipeline_executions set configured_test_data=? format json,end_time=?,flow_execution_id=?,flow_id=?,flow_step_id=?,is_replay=?,job_id=?,job_url=?,original_flow_execution_id=?,pipeline_id=?,pipeline_url=?,resume_time=?,runtime_test_data=? format json,start_time=?,status=? where id=?
2026-01-05 19:43:32.482 [http-nio-8080-exec-8] DEBUG c.t.o.c.FlowExecutionController - Fetching flow execution with UUID: 3fa85f64-5717-4562-b3fc-2c963f66afa6
2026-01-05 19:43:32.483 [http-nio-8080-exec-8] DEBUG c.t.o.service.FlowExecutionService - Fetching flow execution with ID: 3fa85f64-5717-4562-b3fc-2c963f66afa6
2026-01-05 19:43:32.483 [http-nio-8080-exec-8] DEBUG org.hibernate.SQL - select fe1_0.id,fe1_0.created_at,fe1_0.end_time,fe1_0.flow_id,fe1_0.is_replay,fe1_0.original_flow_execution_id,fe1_0.runtime_variables,fe1_0.start_time,fe1_0.status from flow_executions fe1_0 where fe1_0.id=?
2026-01-05 19:44:06.738 [scheduling-1] DEBUG c.t.o.service.SchedulingService - Checking for scheduled pipeline executions ready to resume...
2026-01-05 19:44:06.740 [scheduling-1] DEBUG org.hibernate.SQL - select pe1_0.id,pe1_0.configured_test_data,pe1_0.created_at,pe1_0.end_time,pe1_0.flow_execution_id,pe1_0.flow_id,pe1_0.flow_step_id,pe1_0.is_replay,pe1_0.job_id,pe1_0.job_url,pe1_0.original_flow_execution_id,pe1_0.pipeline_id,pe1_0.pipeline_url,pe1_0.resume_time,pe1_0.runtime_test_data,pe1_0.start_time,pe1_0.status from pipeline_executions pe1_0 where pe1_0.status=? and pe1_0.resume_time<?
2026-01-05 19:44:06.741 [scheduling-1] INFO  c.t.o.service.SchedulingService - Found 0 scheduled executions ready to resume
2026-01-05 19:45:06.732 [scheduling-1] DEBUG c.t.o.service.SchedulingService - Checking for scheduled pipeline executions ready to resume...
2026-01-05 19:45:06.735 [scheduling-1] DEBUG org.hibernate.SQL - select pe1_0.id,pe1_0.configured_test_data,pe1_0.created_at,pe1_0.end_time,pe1_0.flow_execution_id,pe1_0.flow_id,pe1_0.flow_step_id,pe1_0.is_replay,pe1_0.job_id,pe1_0.job_url,pe1_0.original_flow_execution_id,pe1_0.pipeline_id,pe1_0.pipeline_url,pe1_0.resume_time,pe1_0.runtime_test_data,pe1_0.start_time,pe1_0.status from pipeline_executions pe1_0 where pe1_0.status=? and pe1_0.resume_time<?
2026-01-05 19:45:06.736 [scheduling-1] INFO  c.t.o.service.SchedulingService - Found 0 scheduled executions ready to resume
2026-01-05 19:46:06.729 [scheduling-1] DEBUG c.t.o.service.SchedulingService - Checking for scheduled pipeline executions ready to resume...
2026-01-05 19:46:06.731 [scheduling-1] DEBUG org.hibernate.SQL - select pe1_0.id,pe1_0.configured_test_data,pe1_0.created_at,pe1_0.end_time,pe1_0.flow_execution_id,pe1_0.flow_id,pe1_0.flow_step_id,pe1_0.is_replay,pe1_0.job_id,pe1_0.job_url,pe1_0.original_flow_execution_id,pe1_0.pipeline_id,pe1_0.pipeline_url,pe1_0.resume_time,pe1_0.runtime_test_data,pe1_0.start_time,pe1_0.status from pipeline_executions pe1_0 where pe1_0.status=? and pe1_0.resume_time<?
2026-01-05 19:46:06.732 [scheduling-1] INFO  c.t.o.service.SchedulingService - Found 0 scheduled executions ready to resume
2026-01-05 19:47:06.731 [scheduling-1] DEBUG c.t.o.service.SchedulingService - Checking for scheduled pipeline executions ready to resume...
2026-01-05 19:47:06.733 [scheduling-1] DEBUG org.hibernate.SQL - select pe1_0.id,pe1_0.configured_test_data,pe1_0.created_at,pe1_0.end_time,pe1_0.flow_execution_id,pe1_0.flow_id,pe1_0.flow_step_id,pe1_0.is_replay,pe1_0.job_id,pe1_0.job_url,pe1_0.original_flow_execution_id,pe1_0.pipeline_id,pe1_0.pipeline_url,pe1_0.resume_time,pe1_0.runtime_test_data,pe1_0.start_time,pe1_0.status from pipeline_executions pe1_0 where pe1_0.status=? and pe1_0.resume_time<?
2026-01-05 19:47:06.734 [scheduling-1] INFO  c.t.o.service.SchedulingService - Found 0 scheduled executions ready to resume
2026-01-05 19:48:06.730 [scheduling-1] DEBUG c.t.o.service.SchedulingService - Checking for scheduled pipeline executions ready to resume...
2026-01-05 19:48:06.731 [scheduling-1] DEBUG org.hibernate.SQL - select pe1_0.id,pe1_0.configured_test_data,pe1_0.created_at,pe1_0.end_time,pe1_0.flow_execution_id,pe1_0.flow_id,pe1_0.flow_step_id,pe1_0.is_replay,pe1_0.job_id,pe1_0.job_url,pe1_0.original_flow_execution_id,pe1_0.pipeline_id,pe1_0.pipeline_url,pe1_0.resume_time,pe1_0.runtime_test_data,pe1_0.start_time,pe1_0.status from pipeline_executions pe1_0 where pe1_0.status=? and pe1_0.resume_time<?
2026-01-05 19:48:06.732 [scheduling-1] INFO  c.t.o.service.SchedulingService - Found 0 scheduled executions ready to resume
2026-01-05 19:48:09.588 [http-nio-8080-exec-9] DEBUG c.t.o.c.FlowExecutionController - Fetching flow execution with UUID: 3fa85f64-5717-4562-b3fc-2c963f66afa6
2026-01-05 19:48:09.588 [http-nio-8080-exec-9] DEBUG c.t.o.service.FlowExecutionService - Fetching flow execution with ID: 3fa85f64-5717-4562-b3fc-2c963f66afa6
2026-01-05 19:48:09.589 [http-nio-8080-exec-9] DEBUG org.hibernate.SQL - select fe1_0.id,fe1_0.created_at,fe1_0.end_time,fe1_0.flow_id,fe1_0.is_replay,fe1_0.original_flow_execution_id,fe1_0.runtime_variables,fe1_0.start_time,fe1_0.status from flow_executions fe1_0 where fe1_0.id=?
2026-01-05 19:48:20.989 [http-nio-8080-exec-10] DEBUG c.t.o.c.FlowExecutionController - Fetching flow execution with UUID: 3fa85f64-5717-4562-b3fc-2c963f66afa6
2026-01-05 19:48:20.990 [http-nio-8080-exec-10] DEBUG c.t.o.service.FlowExecutionService - Fetching flow execution with ID: 3fa85f64-5717-4562-b3fc-2c963f66afa6
2026-01-05 19:48:20.991 [http-nio-8080-exec-10] DEBUG org.hibernate.SQL - select fe1_0.id,fe1_0.created_at,fe1_0.end_time,fe1_0.flow_id,fe1_0.is_replay,fe1_0.original_flow_execution_id,fe1_0.runtime_variables,fe1_0.start_time,fe1_0.status from flow_executions fe1_0 where fe1_0.id=?
2026-01-05 19:49:06.737 [scheduling-1] DEBUG c.t.o.service.SchedulingService - Checking for scheduled pipeline executions ready to resume...
2026-01-05 19:49:06.738 [scheduling-1] DEBUG org.hibernate.SQL - select pe1_0.id,pe1_0.configured_test_data,pe1_0.created_at,pe1_0.end_time,pe1_0.flow_execution_id,pe1_0.flow_id,pe1_0.flow_step_id,pe1_0.is_replay,pe1_0.job_id,pe1_0.job_url,pe1_0.original_flow_execution_id,pe1_0.pipeline_id,pe1_0.pipeline_url,pe1_0.resume_time,pe1_0.runtime_test_data,pe1_0.start_time,pe1_0.status from pipeline_executions pe1_0 where pe1_0.status=? and pe1_0.resume_time<?
2026-01-05 19:49:06.739 [scheduling-1] INFO  c.t.o.service.SchedulingService - Found 0 scheduled executions ready to resume
2026-01-05 19:50:04.924 [http-nio-8080-exec-2] DEBUG c.t.o.c.FlowExecutionController - Fetching flow execution with UUID: 3fa85f64-5717-4562-b3fc-2c963f66afa6
2026-01-05 19:50:04.925 [http-nio-8080-exec-2] DEBUG c.t.o.service.FlowExecutionService - Fetching flow execution with ID: 3fa85f64-5717-4562-b3fc-2c963f66afa6
2026-01-05 19:50:04.925 [http-nio-8080-exec-2] DEBUG org.hibernate.SQL - select fe1_0.id,fe1_0.created_at,fe1_0.end_time,fe1_0.flow_id,fe1_0.is_replay,fe1_0.original_flow_execution_id,fe1_0.runtime_variables,fe1_0.start_time,fe1_0.status from flow_executions fe1_0 where fe1_0.id=?
2026-01-05 19:50:06.728 [scheduling-1] DEBUG c.t.o.service.SchedulingService - Checking for scheduled pipeline executions ready to resume...
2026-01-05 19:50:06.730 [scheduling-1] DEBUG org.hibernate.SQL - select pe1_0.id,pe1_0.configured_test_data,pe1_0.created_at,pe1_0.end_time,pe1_0.flow_execution_id,pe1_0.flow_id,pe1_0.flow_step_id,pe1_0.is_replay,pe1_0.job_id,pe1_0.job_url,pe1_0.original_flow_execution_id,pe1_0.pipeline_id,pe1_0.pipeline_url,pe1_0.resume_time,pe1_0.runtime_test_data,pe1_0.start_time,pe1_0.status from pipeline_executions pe1_0 where pe1_0.status=? and pe1_0.resume_time<?
2026-01-05 19:50:06.731 [scheduling-1] INFO  c.t.o.service.SchedulingService - Found 0 scheduled executions ready to resume
2026-01-05 19:50:49.874 [http-nio-8080-exec-1] DEBUG c.t.o.c.FlowExecutionController - Fetching flow execution with UUID: 3fa85f64-5717-4562-b3fc-2c963f66afa6
2026-01-05 19:50:49.875 [http-nio-8080-exec-1] DEBUG c.t.o.service.FlowExecutionService - Fetching flow execution with ID: 3fa85f64-5717-4562-b3fc-2c963f66afa6
2026-01-05 19:50:49.875 [http-nio-8080-exec-1] DEBUG org.hibernate.SQL - select fe1_0.id,fe1_0.created_at,fe1_0.end_time,fe1_0.flow_id,fe1_0.is_replay,fe1_0.original_flow_execution_id,fe1_0.runtime_variables,fe1_0.start_time,fe1_0.status from flow_executions fe1_0 where fe1_0.id=?
2026-01-05 19:51:06.726 [scheduling-1] DEBUG c.t.o.service.SchedulingService - Checking for scheduled pipeline executions ready to resume...
2026-01-05 19:51:06.728 [scheduling-1] DEBUG org.hibernate.SQL - select pe1_0.id,pe1_0.configured_test_data,pe1_0.created_at,pe1_0.end_time,pe1_0.flow_execution_id,pe1_0.flow_id,pe1_0.flow_step_id,pe1_0.is_replay,pe1_0.job_id,pe1_0.job_url,pe1_0.original_flow_execution_id,pe1_0.pipeline_id,pe1_0.pipeline_url,pe1_0.resume_time,pe1_0.runtime_test_data,pe1_0.start_time,pe1_0.status from pipeline_executions pe1_0 where pe1_0.status=? and pe1_0.resume_time<?
2026-01-05 19:51:06.729 [scheduling-1] INFO  c.t.o.service.SchedulingService - Found 0 scheduled executions ready to resume
2026-01-05 19:52:06.739 [scheduling-1] DEBUG c.t.o.service.SchedulingService - Checking for scheduled pipeline executions ready to resume...
2026-01-05 19:52:06.743 [scheduling-1] DEBUG org.hibernate.SQL - select pe1_0.id,pe1_0.configured_test_data,pe1_0.created_at,pe1_0.end_time,pe1_0.flow_execution_id,pe1_0.flow_id,pe1_0.flow_step_id,pe1_0.is_replay,pe1_0.job_id,pe1_0.job_url,pe1_0.original_flow_execution_id,pe1_0.pipeline_id,pe1_0.pipeline_url,pe1_0.resume_time,pe1_0.runtime_test_data,pe1_0.start_time,pe1_0.status from pipeline_executions pe1_0 where pe1_0.status=? and pe1_0.resume_time<?
2026-01-05 19:52:06.746 [scheduling-1] INFO  c.t.o.service.SchedulingService - Found 0 scheduled executions ready to resume
2026-01-05 19:53:06.738 [scheduling-1] DEBUG c.t.o.service.SchedulingService - Checking for scheduled pipeline executions ready to resume...
2026-01-05 19:53:06.748 [scheduling-1] DEBUG org.hibernate.SQL - select pe1_0.id,pe1_0.configured_test_data,pe1_0.created_at,pe1_0.end_time,pe1_0.flow_execution_id,pe1_0.flow_id,pe1_0.flow_step_id,pe1_0.is_replay,pe1_0.job_id,pe1_0.job_url,pe1_0.original_flow_execution_id,pe1_0.pipeline_id,pe1_0.pipeline_url,pe1_0.resume_time,pe1_0.runtime_test_data,pe1_0.start_time,pe1_0.status from pipeline_executions pe1_0 where pe1_0.status=? and pe1_0.resume_time<?
2026-01-05 19:53:06.750 [scheduling-1] INFO  c.t.o.service.SchedulingService - Found 0 scheduled executions ready to resume
2026-01-05 19:53:49.581 [http-nio-8080-exec-6] DEBUG c.t.o.c.FlowExecutionController - Fetching flow execution with UUID: 3fa85f64-5717-4562-b3fc-2c963f66afa6
2026-01-05 19:53:49.581 [http-nio-8080-exec-6] DEBUG c.t.o.service.FlowExecutionService - Fetching flow execution with ID: 3fa85f64-5717-4562-b3fc-2c963f66afa6
2026-01-05 19:53:49.582 [http-nio-8080-exec-6] DEBUG org.hibernate.SQL - select fe1_0.id,fe1_0.created_at,fe1_0.end_time,fe1_0.flow_id,fe1_0.is_replay,fe1_0.original_flow_execution_id,fe1_0.runtime_variables,fe1_0.start_time,fe1_0.status from flow_executions fe1_0 where fe1_0.id=?
2026-01-05 19:54:06.733 [scheduling-1] DEBUG c.t.o.service.SchedulingService - Checking for scheduled pipeline executions ready to resume...
2026-01-05 19:54:06.738 [scheduling-1] DEBUG org.hibernate.SQL - select pe1_0.id,pe1_0.configured_test_data,pe1_0.created_at,pe1_0.end_time,pe1_0.flow_execution_id,pe1_0.flow_id,pe1_0.flow_step_id,pe1_0.is_replay,pe1_0.job_id,pe1_0.job_url,pe1_0.original_flow_execution_id,pe1_0.pipeline_id,pe1_0.pipeline_url,pe1_0.resume_time,pe1_0.runtime_test_data,pe1_0.start_time,pe1_0.status from pipeline_executions pe1_0 where pe1_0.status=? and pe1_0.resume_time<?
2026-01-05 19:54:06.739 [scheduling-1] INFO  c.t.o.service.SchedulingService - Found 0 scheduled executions ready to resume
2026-01-05 19:54:15.658 [http-nio-8080-exec-5] DEBUG c.t.o.c.FlowExecutionController - Fetching flow execution with UUID: 3fa85f64-5717-4562-b3fc-2c963f66afa6
2026-01-05 19:54:15.658 [http-nio-8080-exec-5] DEBUG c.t.o.service.FlowExecutionService - Fetching flow execution with ID: 3fa85f64-5717-4562-b3fc-2c963f66afa6
2026-01-05 19:54:15.658 [http-nio-8080-exec-5] DEBUG org.hibernate.SQL - select fe1_0.id,fe1_0.created_at,fe1_0.end_time,fe1_0.flow_id,fe1_0.is_replay,fe1_0.original_flow_execution_id,fe1_0.runtime_variables,fe1_0.start_time,fe1_0.status from flow_executions fe1_0 where fe1_0.id=?
2026-01-05 19:55:06.731 [scheduling-1] DEBUG c.t.o.service.SchedulingService - Checking for scheduled pipeline executions ready to resume...
2026-01-05 19:55:06.735 [scheduling-1] DEBUG org.hibernate.SQL - select pe1_0.id,pe1_0.configured_test_data,pe1_0.created_at,pe1_0.end_time,pe1_0.flow_execution_id,pe1_0.flow_id,pe1_0.flow_step_id,pe1_0.is_replay,pe1_0.job_id,pe1_0.job_url,pe1_0.original_flow_execution_id,pe1_0.pipeline_id,pe1_0.pipeline_url,pe1_0.resume_time,pe1_0.runtime_test_data,pe1_0.start_time,pe1_0.status from pipeline_executions pe1_0 where pe1_0.status=? and pe1_0.resume_time<?
2026-01-05 19:55:06.737 [scheduling-1] INFO  c.t.o.service.SchedulingService - Found 0 scheduled executions ready to resume
