2025-10-03 11:59:30.023 [main] INFO  c.t.o.PipelineOrchestratorApplication - Starting PipelineOrchestratorApplication using Java 17.0.12 with PID 16524 (D:\vibe\flow-forge-v1\target\classes started by Admin in D:\vibe\flow-forge-v1)
2025-10-03 11:59:30.032 [main] DEBUG c.t.o.PipelineOrchestratorApplication - Running with Spring Boot v3.2.0, Spring v6.1.1
2025-10-03 11:59:30.032 [main] INFO  c.t.o.PipelineOrchestratorApplication - The following 1 profile is active: "local"
2025-10-03 11:59:42.326 [main] WARN  org.hibernate.orm.deprecation - HHH90000025: H2Dialect does not need to be specified explicitly using 'hibernate.dialect' (remove the property setting and it will be selected by default)
2025-10-03 11:59:47.074 [main] DEBUG org.hibernate.SQL - create table applications (id bigint generated by default as identity, application_description varchar(255) not null, application_name varchar(255) not null, created_at timestamp(6) not null, gitlab_project_id varchar(255) not null, personal_access_token varchar(255) not null, project_name varchar(255), project_url varchar(255), token_status varchar(255) not null check (token_status in ('ACTIVE','EXPIRED','INVALID')), updated_at timestamp(6) not null, primary key (id))
2025-10-03 11:59:47.105 [main] DEBUG org.hibernate.SQL - create table flow_executions (id uuid not null, created_at timestamp(6) not null, end_time timestamp(6), flow_id bigint not null, runtime_variables json, start_time timestamp(6), status varchar(255) check (status in ('RUNNING','PASSED','FAILED','CANCELLED')), primary key (id))
2025-10-03 11:59:47.113 [main] DEBUG org.hibernate.SQL - create table flow_steps (id bigint generated by default as identity, application_id bigint not null, branch varchar(255) not null, created_at timestamp(6) not null, description varchar(255), delay_time_unit varchar(255), delay_value varchar(255), is_scheduled boolean, scheduled_cron varchar(255), squash_step_ids json, test_data_ids json, test_stage varchar(255) not null, test_tag varchar(255) not null, updated_at timestamp(6) not null, primary key (id))
2025-10-03 11:59:47.118 [main] DEBUG org.hibernate.SQL - create table flows (id bigint generated by default as identity, created_at timestamp(6) not null, flow_step_ids json not null, squash_test_case_id bigint not null, updated_at timestamp(6) not null, primary key (id))
2025-10-03 11:59:47.124 [main] DEBUG org.hibernate.SQL - create table pipeline_executions (id bigint generated by default as identity, configured_test_data json, created_at timestamp(6) not null, end_time timestamp(6), flow_execution_id uuid not null, flow_id bigint not null, flow_step_id bigint not null, is_replay boolean not null, original_flow_execution_id uuid, pipeline_id bigint, pipeline_url varchar(255), runtime_test_data json, start_time timestamp(6), status varchar(255) check (status in ('RUNNING','PASSED','FAILED','CANCELLED')), primary key (id))
2025-10-03 11:59:47.130 [main] DEBUG org.hibernate.SQL - create table test_data (data_id bigint generated by default as identity, application_id bigint, created_at timestamp(6) not null, test_data json not null, updated_at timestamp(6) not null, primary key (data_id))
2025-10-03 11:59:56.108 [main] WARN  o.s.b.a.o.j.JpaBaseConfiguration$JpaWebConfiguration - spring.jpa.open-in-view is enabled by default. Therefore, database queries may be performed during view rendering. Explicitly configure spring.jpa.open-in-view to disable this warning
2025-10-03 11:59:58.684 [main] INFO  c.t.o.PipelineOrchestratorApplication - Started PipelineOrchestratorApplication in 30.671 seconds (process running for 32.581)
2025-10-03 12:02:25.908 [http-nio-8080-exec-1] INFO  o.s.web.servlet.DispatcherServlet - Initializing Servlet 'dispatcherServlet'
2025-10-03 12:02:25.917 [http-nio-8080-exec-1] INFO  o.s.web.servlet.DispatcherServlet - Completed initialization in 8 ms
2025-10-03 12:02:30.115 [http-nio-8080-exec-3] INFO  o.s.api.AbstractOpenApiResource - Init duration for springdoc-openapi is: 3347 ms
2025-10-03 12:08:04.235 [main] INFO  c.t.o.PipelineOrchestratorApplication - Starting PipelineOrchestratorApplication using Java 17.0.12 with PID 21620 (D:\vibe\flow-forge-v1\target\classes started by Admin in D:\vibe\flow-forge-v1)
2025-10-03 12:08:04.241 [main] DEBUG c.t.o.PipelineOrchestratorApplication - Running with Spring Boot v3.2.0, Spring v6.1.1
2025-10-03 12:08:04.243 [main] INFO  c.t.o.PipelineOrchestratorApplication - The following 1 profile is active: "local"
2025-10-03 12:08:14.540 [main] WARN  org.hibernate.orm.deprecation - HHH90000025: H2Dialect does not need to be specified explicitly using 'hibernate.dialect' (remove the property setting and it will be selected by default)
2025-10-03 12:08:17.511 [main] DEBUG org.hibernate.SQL - create table applications (id bigint generated by default as identity, application_description varchar(255) not null, application_name varchar(255) not null, created_at timestamp(6) not null, gitlab_project_id varchar(255) not null, personal_access_token varchar(255) not null, project_name varchar(255), project_url varchar(255), token_status varchar(255) not null check (token_status in ('ACTIVE','EXPIRED','INVALID')), updated_at timestamp(6) not null, primary key (id))
2025-10-03 12:08:17.538 [main] DEBUG org.hibernate.SQL - create table flow_executions (id uuid not null, created_at timestamp(6) not null, end_time timestamp(6), flow_id bigint not null, runtime_variables json, start_time timestamp(6), status varchar(255) check (status in ('RUNNING','PASSED','FAILED','CANCELLED')), primary key (id))
2025-10-03 12:08:17.543 [main] DEBUG org.hibernate.SQL - create table flow_steps (id bigint generated by default as identity, application_id bigint not null, branch varchar(255) not null, created_at timestamp(6) not null, description varchar(255), delay_time_unit varchar(255), delay_value varchar(255), is_scheduled boolean, scheduled_cron varchar(255), squash_step_ids json, test_data_ids json, test_stage varchar(255) not null, test_tag varchar(255) not null, updated_at timestamp(6) not null, primary key (id))
2025-10-03 12:08:17.546 [main] DEBUG org.hibernate.SQL - create table flows (id bigint generated by default as identity, created_at timestamp(6) not null, flow_step_ids json not null, squash_test_case_id bigint not null, updated_at timestamp(6) not null, primary key (id))
2025-10-03 12:08:17.551 [main] DEBUG org.hibernate.SQL - create table pipeline_executions (id bigint generated by default as identity, configured_test_data json, created_at timestamp(6) not null, end_time timestamp(6), flow_execution_id uuid not null, flow_id bigint not null, flow_step_id bigint not null, is_replay boolean not null, original_flow_execution_id uuid, pipeline_id bigint, pipeline_url varchar(255), runtime_test_data json, start_time timestamp(6), status varchar(255) check (status in ('RUNNING','PASSED','FAILED','CANCELLED')), primary key (id))
2025-10-03 12:08:17.554 [main] DEBUG org.hibernate.SQL - create table test_data (data_id bigint generated by default as identity, application_id bigint, category varchar(255) not null, created_at timestamp(6) not null, description varchar(255), test_data json not null, updated_at timestamp(6) not null, primary key (data_id))
2025-10-03 12:08:23.775 [main] WARN  o.s.b.a.o.j.JpaBaseConfiguration$JpaWebConfiguration - spring.jpa.open-in-view is enabled by default. Therefore, database queries may be performed during view rendering. Explicitly configure spring.jpa.open-in-view to disable this warning
2025-10-03 12:08:26.805 [main] INFO  c.t.o.PipelineOrchestratorApplication - Started PipelineOrchestratorApplication in 24.431 seconds (process running for 25.889)
2025-10-03 12:08:45.808 [http-nio-8080-exec-2] INFO  o.s.web.servlet.DispatcherServlet - Initializing Servlet 'dispatcherServlet'
2025-10-03 12:08:45.813 [http-nio-8080-exec-2] INFO  o.s.web.servlet.DispatcherServlet - Completed initialization in 5 ms
2025-10-03 12:08:48.989 [http-nio-8080-exec-3] INFO  o.s.api.AbstractOpenApiResource - Init duration for springdoc-openapi is: 2729 ms
2025-10-03 12:17:14.576 [main] INFO  c.t.o.PipelineOrchestratorApplication - Starting PipelineOrchestratorApplication using Java 17.0.12 with PID 34752 (D:\vibe\flow-forge-v1\target\classes started by Admin in D:\vibe\flow-forge-v1)
2025-10-03 12:17:14.583 [main] DEBUG c.t.o.PipelineOrchestratorApplication - Running with Spring Boot v3.2.0, Spring v6.1.1
2025-10-03 12:17:14.586 [main] INFO  c.t.o.PipelineOrchestratorApplication - The following 1 profile is active: "local"
2025-10-03 12:17:24.848 [main] WARN  org.hibernate.orm.deprecation - HHH90000025: H2Dialect does not need to be specified explicitly using 'hibernate.dialect' (remove the property setting and it will be selected by default)
2025-10-03 12:17:27.889 [main] DEBUG org.hibernate.SQL - create table applications (id bigint generated by default as identity, application_description varchar(255) not null, application_name varchar(255) not null, created_at timestamp(6) not null, gitlab_project_id varchar(255) not null, personal_access_token varchar(255) not null, project_name varchar(255), project_url varchar(255), token_status varchar(255) not null check (token_status in ('ACTIVE','EXPIRED','INVALID')), updated_at timestamp(6) not null, primary key (id))
2025-10-03 12:17:27.918 [main] DEBUG org.hibernate.SQL - create table flow_executions (id uuid not null, created_at timestamp(6) not null, end_time timestamp(6), flow_id bigint not null, runtime_variables json, start_time timestamp(6), status varchar(255) check (status in ('RUNNING','PASSED','FAILED','CANCELLED')), primary key (id))
2025-10-03 12:17:27.926 [main] DEBUG org.hibernate.SQL - create table flow_steps (id bigint generated by default as identity, application_id bigint not null, branch varchar(255) not null, created_at timestamp(6) not null, description varchar(255), delay_time_unit varchar(255), delay_value varchar(255), is_scheduled boolean, scheduled_cron varchar(255), squash_step_ids json, test_data_ids json, test_stage varchar(255) not null, test_tag varchar(255) not null, updated_at timestamp(6) not null, primary key (id))
2025-10-03 12:17:27.929 [main] DEBUG org.hibernate.SQL - create table flows (id bigint generated by default as identity, created_at timestamp(6) not null, flow_step_ids json not null, squash_test_case_id bigint not null, updated_at timestamp(6) not null, primary key (id))
2025-10-03 12:17:27.932 [main] DEBUG org.hibernate.SQL - create table pipeline_executions (id bigint generated by default as identity, configured_test_data json, created_at timestamp(6) not null, end_time timestamp(6), flow_execution_id uuid not null, flow_id bigint not null, flow_step_id bigint not null, is_replay boolean not null, original_flow_execution_id uuid, pipeline_id bigint, pipeline_url varchar(255), runtime_test_data json, start_time timestamp(6), status varchar(255) check (status in ('RUNNING','PASSED','FAILED','CANCELLED')), primary key (id))
2025-10-03 12:17:27.936 [main] DEBUG org.hibernate.SQL - create table test_data (data_id bigint generated by default as identity, application_id bigint, category varchar(255) not null, created_at timestamp(6) not null, description varchar(255), test_data json not null, updated_at timestamp(6) not null, primary key (data_id))
2025-10-03 12:17:34.632 [main] WARN  o.s.b.a.o.j.JpaBaseConfiguration$JpaWebConfiguration - spring.jpa.open-in-view is enabled by default. Therefore, database queries may be performed during view rendering. Explicitly configure spring.jpa.open-in-view to disable this warning
2025-10-03 12:17:37.008 [main] INFO  c.t.o.PipelineOrchestratorApplication - Started PipelineOrchestratorApplication in 24.33 seconds (process running for 25.828)
2025-10-03 12:17:59.490 [http-nio-8080-exec-1] INFO  o.s.web.servlet.DispatcherServlet - Initializing Servlet 'dispatcherServlet'
2025-10-03 12:17:59.494 [http-nio-8080-exec-1] INFO  o.s.web.servlet.DispatcherServlet - Completed initialization in 3 ms
2025-10-03 12:18:02.855 [http-nio-8080-exec-3] INFO  o.s.api.AbstractOpenApiResource - Init duration for springdoc-openapi is: 2592 ms
2025-10-03 12:33:46.454 [main] INFO  c.t.o.PipelineOrchestratorApplication - Starting PipelineOrchestratorApplication using Java 17.0.12 with PID 28920 (D:\vibe\flow-forge-v1\target\classes started by Admin in D:\vibe\flow-forge-v1)
2025-10-03 12:33:46.460 [main] DEBUG c.t.o.PipelineOrchestratorApplication - Running with Spring Boot v3.2.0, Spring v6.1.1
2025-10-03 12:33:46.465 [main] INFO  c.t.o.PipelineOrchestratorApplication - The following 1 profile is active: "local"
2025-10-03 12:33:58.944 [main] WARN  org.hibernate.orm.deprecation - HHH90000025: H2Dialect does not need to be specified explicitly using 'hibernate.dialect' (remove the property setting and it will be selected by default)
2025-10-03 12:34:02.216 [main] DEBUG org.hibernate.SQL - create table applications (id bigint generated by default as identity, application_description varchar(255) not null, application_name varchar(255) not null, created_at timestamp(6) not null, gitlab_project_id varchar(255) not null, personal_access_token varchar(255) not null, project_name varchar(255), project_url varchar(255), token_status varchar(255) not null check (token_status in ('ACTIVE','EXPIRED','INVALID')), updated_at timestamp(6) not null, primary key (id))
2025-10-03 12:34:02.245 [main] DEBUG org.hibernate.SQL - create table flow_executions (id uuid not null, created_at timestamp(6) not null, end_time timestamp(6), flow_id bigint not null, runtime_variables json, start_time timestamp(6), status varchar(255) check (status in ('RUNNING','PASSED','FAILED','CANCELLED')), primary key (id))
2025-10-03 12:34:02.253 [main] DEBUG org.hibernate.SQL - create table flow_steps (id bigint generated by default as identity, application_id bigint not null, branch varchar(255) not null, created_at timestamp(6) not null, description varchar(255), delay_time_unit varchar(255), delay_value varchar(255), is_scheduled boolean, scheduled_cron varchar(255), squash_step_ids json, test_data_ids json, test_stage varchar(255) not null, test_tag varchar(255) not null, updated_at timestamp(6) not null, primary key (id))
2025-10-03 12:34:02.256 [main] DEBUG org.hibernate.SQL - create table flows (id bigint generated by default as identity, created_at timestamp(6) not null, flow_step_ids json not null, squash_test_case_id bigint not null, updated_at timestamp(6) not null, primary key (id))
2025-10-03 12:34:02.259 [main] DEBUG org.hibernate.SQL - create table pipeline_executions (id bigint generated by default as identity, configured_test_data json, created_at timestamp(6) not null, end_time timestamp(6), flow_execution_id uuid not null, flow_id bigint not null, flow_step_id bigint not null, is_replay boolean not null, original_flow_execution_id uuid, pipeline_id bigint, pipeline_url varchar(255), runtime_test_data json, start_time timestamp(6), status varchar(255) check (status in ('RUNNING','PASSED','FAILED','CANCELLED')), primary key (id))
2025-10-03 12:34:02.263 [main] DEBUG org.hibernate.SQL - create table test_data (data_id bigint generated by default as identity, application_id bigint, category varchar(255) not null, created_at timestamp(6) not null, description varchar(255), test_data json not null, updated_at timestamp(6) not null, primary key (data_id))
2025-10-03 12:34:09.302 [main] WARN  o.s.b.a.o.j.JpaBaseConfiguration$JpaWebConfiguration - spring.jpa.open-in-view is enabled by default. Therefore, database queries may be performed during view rendering. Explicitly configure spring.jpa.open-in-view to disable this warning
2025-10-03 12:34:12.134 [main] INFO  c.t.o.PipelineOrchestratorApplication - Started PipelineOrchestratorApplication in 27.793 seconds (process running for 29.296)
2025-10-03 12:34:24.206 [http-nio-8080-exec-1] INFO  o.s.web.servlet.DispatcherServlet - Initializing Servlet 'dispatcherServlet'
2025-10-03 12:34:24.215 [http-nio-8080-exec-1] INFO  o.s.web.servlet.DispatcherServlet - Completed initialization in 7 ms
2025-10-03 12:34:28.050 [http-nio-8080-exec-3] INFO  o.s.api.AbstractOpenApiResource - Init duration for springdoc-openapi is: 2950 ms
2025-10-03 13:33:14.456 [http-nio-8080-exec-5] INFO  c.t.o.c.ApplicationController - Creating new application for GitLab project: 68536844
2025-10-03 13:33:14.493 [http-nio-8080-exec-5] INFO  c.t.o.service.ApplicationService - Creating new application for GitLab project: 68536844
2025-10-03 13:33:14.711 [http-nio-8080-exec-5] DEBUG org.hibernate.SQL - select a1_0.id from applications a1_0 where a1_0.gitlab_project_id=? fetch first ? rows only
2025-10-03 13:33:14.749 [http-nio-8080-exec-5] INFO  c.t.o.service.ApplicationService - Validating GitLab connection for project: 68536844
2025-10-03 13:33:14.749 [http-nio-8080-exec-5] INFO  c.t.o.util.GitLabApiClient - Validating GitLab connection for project 68536844
2025-10-03 13:33:18.067 [reactor-http-nio-2] INFO  c.t.o.util.GitLabApiClient - GitLab connection validated successfully for project: flow_forge_proj1
2025-10-03 13:33:18.068 [http-nio-8080-exec-5] INFO  c.t.o.service.ApplicationService - GitLab connection validation successful for project: flow_forge_proj1 (org_rzx / flow_forge_proj1)
2025-10-03 13:33:18.147 [http-nio-8080-exec-5] DEBUG org.hibernate.SQL - insert into applications (application_description,application_name,created_at,gitlab_project_id,personal_access_token,project_name,project_url,token_status,updated_at,id) values (?,?,?,?,?,?,?,?,?,default)
2025-10-03 13:33:18.181 [http-nio-8080-exec-5] INFO  c.t.o.service.ApplicationService - Application created with ID: 1
2025-10-03 13:33:41.013 [http-nio-8080-exec-6] INFO  c.t.o.c.ApplicationController - Creating new application for GitLab project: 68536939
2025-10-03 13:33:41.014 [http-nio-8080-exec-6] INFO  c.t.o.service.ApplicationService - Creating new application for GitLab project: 68536939
2025-10-03 13:33:41.016 [http-nio-8080-exec-6] DEBUG org.hibernate.SQL - select a1_0.id from applications a1_0 where a1_0.gitlab_project_id=? fetch first ? rows only
2025-10-03 13:33:41.019 [http-nio-8080-exec-6] INFO  c.t.o.service.ApplicationService - Validating GitLab connection for project: 68536939
2025-10-03 13:33:41.020 [http-nio-8080-exec-6] INFO  c.t.o.util.GitLabApiClient - Validating GitLab connection for project 68536939
2025-10-03 13:33:41.591 [reactor-http-nio-2] INFO  c.t.o.util.GitLabApiClient - GitLab connection validated successfully for project: flow_forge_proj2
2025-10-03 13:33:41.592 [http-nio-8080-exec-6] INFO  c.t.o.service.ApplicationService - GitLab connection validation successful for project: flow_forge_proj2 (org_rzx / flow_forge_proj2)
2025-10-03 13:33:41.595 [http-nio-8080-exec-6] DEBUG org.hibernate.SQL - insert into applications (application_description,application_name,created_at,gitlab_project_id,personal_access_token,project_name,project_url,token_status,updated_at,id) values (?,?,?,?,?,?,?,?,?,default)
2025-10-03 13:33:41.599 [http-nio-8080-exec-6] INFO  c.t.o.service.ApplicationService - Application created with ID: 2
2025-10-03 13:34:48.936 [http-nio-8080-exec-8] ERROR c.t.o.e.GlobalExceptionHandler - Validation error: Validation failed for argument [0] in public org.springframework.http.ResponseEntity<com.testautomation.orchestrator.dto.CombinedFlowDto> com.testautomation.orchestrator.controller.FlowController.createFlow(com.testautomation.orchestrator.dto.CombinedFlowDto) with 6 errors: [Field error in object 'combinedFlowDto' on field 'flowSteps[1].testData[0].applicationId': rejected value [null]; codes [NotNull.combinedFlowDto.flowSteps[1].testData[0].applicationId,NotNull.combinedFlowDto.flowSteps[1].testData.applicationId,NotNull.combinedFlowDto.flowSteps.testData.applicationId,NotNull.flowSteps[1].testData[0].applicationId,NotNull.flowSteps[1].testData.applicationId,NotNull.flowSteps.testData.applicationId,NotNull.applicationId,NotNull.java.lang.Long,NotNull]; arguments [org.springframework.context.support.DefaultMessageSourceResolvable: codes [combinedFlowDto.flowSteps[1].testData[0].applicationId,flowSteps[1].testData[0].applicationId]; arguments []; default message [flowSteps[1].testData[0].applicationId]]; default message [Application ID is required]] [Field error in object 'combinedFlowDto' on field 'flowSteps[1].testData[0].category': rejected value [null]; codes [NotNull.combinedFlowDto.flowSteps[1].testData[0].category,NotNull.combinedFlowDto.flowSteps[1].testData.category,NotNull.combinedFlowDto.flowSteps.testData.category,NotNull.flowSteps[1].testData[0].category,NotNull.flowSteps[1].testData.category,NotNull.flowSteps.testData.category,NotNull.category,NotNull.java.lang.String,NotNull]; arguments [org.springframework.context.support.DefaultMessageSourceResolvable: codes [combinedFlowDto.flowSteps[1].testData[0].category,flowSteps[1].testData[0].category]; arguments []; default message [flowSteps[1].testData[0].category]]; default message [Category is required]] [Field error in object 'combinedFlowDto' on field 'flowSteps[0].testData[0].category': rejected value [null]; codes [NotNull.combinedFlowDto.flowSteps[0].testData[0].category,NotNull.combinedFlowDto.flowSteps[0].testData.category,NotNull.combinedFlowDto.flowSteps.testData.category,NotNull.flowSteps[0].testData[0].category,NotNull.flowSteps[0].testData.category,NotNull.flowSteps.testData.category,NotNull.category,NotNull.java.lang.String,NotNull]; arguments [org.springframework.context.support.DefaultMessageSourceResolvable: codes [combinedFlowDto.flowSteps[0].testData[0].category,flowSteps[0].testData[0].category]; arguments []; default message [flowSteps[0].testData[0].category]]; default message [Category is required]] [Field error in object 'combinedFlowDto' on field 'flowSteps[0].testData[0].testData': rejected value [null]; codes [NotNull.combinedFlowDto.flowSteps[0].testData[0].testData,NotNull.combinedFlowDto.flowSteps[0].testData.testData,NotNull.combinedFlowDto.flowSteps.testData.testData,NotNull.flowSteps[0].testData[0].testData,NotNull.flowSteps[0].testData.testData,NotNull.flowSteps.testData.testData,NotNull.testData,NotNull.java.util.Map,NotNull]; arguments [org.springframework.context.support.DefaultMessageSourceResolvable: codes [combinedFlowDto.flowSteps[0].testData[0].testData,flowSteps[0].testData[0].testData]; arguments []; default message [flowSteps[0].testData[0].testData]]; default message [Test data is required]] [Field error in object 'combinedFlowDto' on field 'flowSteps[1].testData[0].testData': rejected value [null]; codes [NotNull.combinedFlowDto.flowSteps[1].testData[0].testData,NotNull.combinedFlowDto.flowSteps[1].testData.testData,NotNull.combinedFlowDto.flowSteps.testData.testData,NotNull.flowSteps[1].testData[0].testData,NotNull.flowSteps[1].testData.testData,NotNull.flowSteps.testData.testData,NotNull.testData,NotNull.java.util.Map,NotNull]; arguments [org.springframework.context.support.DefaultMessageSourceResolvable: codes [combinedFlowDto.flowSteps[1].testData[0].testData,flowSteps[1].testData[0].testData]; arguments []; default message [flowSteps[1].testData[0].testData]]; default message [Test data is required]] [Field error in object 'combinedFlowDto' on field 'flowSteps[0].testData[0].applicationId': rejected value [null]; codes [NotNull.combinedFlowDto.flowSteps[0].testData[0].applicationId,NotNull.combinedFlowDto.flowSteps[0].testData.applicationId,NotNull.combinedFlowDto.flowSteps.testData.applicationId,NotNull.flowSteps[0].testData[0].applicationId,NotNull.flowSteps[0].testData.applicationId,NotNull.flowSteps.testData.applicationId,NotNull.applicationId,NotNull.java.lang.Long,NotNull]; arguments [org.springframework.context.support.DefaultMessageSourceResolvable: codes [combinedFlowDto.flowSteps[0].testData[0].applicationId,flowSteps[0].testData[0].applicationId]; arguments []; default message [flowSteps[0].testData[0].applicationId]]; default message [Application ID is required]] 
2025-10-03 13:36:36.813 [http-nio-8080-exec-9] DEBUG org.hibernate.SQL - select count(*) from applications a1_0 where a1_0.id=?
2025-10-03 13:36:36.847 [http-nio-8080-exec-9] DEBUG org.hibernate.SQL - insert into test_data (application_id,category,created_at,description,test_data,updated_at,data_id) values (?,?,?,?,? format json,?,default)
2025-10-03 13:37:13.239 [http-nio-8080-exec-10] DEBUG org.hibernate.SQL - select count(*) from applications a1_0 where a1_0.id=?
2025-10-03 13:37:13.242 [http-nio-8080-exec-10] DEBUG org.hibernate.SQL - insert into test_data (application_id,category,created_at,description,test_data,updated_at,data_id) values (?,?,?,?,? format json,?,default)
2025-10-03 13:41:23.478 [http-nio-8080-exec-2] ERROR c.t.o.e.GlobalExceptionHandler - RuntimeException: JSON parse error: Unexpected end-of-input: expected close marker for Object (start marker at [Source: (org.springframework.util.StreamUtils$NonClosingInputStream); line: 1, column: 1])
org.springframework.http.converter.HttpMessageNotReadableException: JSON parse error: Unexpected end-of-input: expected close marker for Object (start marker at [Source: (org.springframework.util.StreamUtils$NonClosingInputStream); line: 1, column: 1])
	at org.springframework.http.converter.json.AbstractJackson2HttpMessageConverter.readJavaType(AbstractJackson2HttpMessageConverter.java:406)
	at org.springframework.http.converter.json.AbstractJackson2HttpMessageConverter.read(AbstractJackson2HttpMessageConverter.java:354)
	at org.springframework.web.servlet.mvc.method.annotation.AbstractMessageConverterMethodArgumentResolver.readWithMessageConverters(AbstractMessageConverterMethodArgumentResolver.java:184)
	at org.springframework.web.servlet.mvc.method.annotation.RequestResponseBodyMethodProcessor.readWithMessageConverters(RequestResponseBodyMethodProcessor.java:159)
	at org.springframework.web.servlet.mvc.method.annotation.RequestResponseBodyMethodProcessor.resolveArgument(RequestResponseBodyMethodProcessor.java:134)
	at org.springframework.web.method.support.HandlerMethodArgumentResolverComposite.resolveArgument(HandlerMethodArgumentResolverComposite.java:122)
	at org.springframework.web.method.support.InvocableHandlerMethod.getMethodArgumentValues(InvocableHandlerMethod.java:218)
	at org.springframework.web.method.support.InvocableHandlerMethod.invokeForRequest(InvocableHandlerMethod.java:171)
	at org.springframework.web.servlet.mvc.method.annotation.ServletInvocableHandlerMethod.invokeAndHandle(ServletInvocableHandlerMethod.java:118)
	at org.springframework.web.servlet.mvc.method.annotation.RequestMappingHandlerAdapter.invokeHandlerMethod(RequestMappingHandlerAdapter.java:917)
	at org.springframework.web.servlet.mvc.method.annotation.RequestMappingHandlerAdapter.handleInternal(RequestMappingHandlerAdapter.java:829)
	at org.springframework.web.servlet.mvc.method.AbstractHandlerMethodAdapter.handle(AbstractHandlerMethodAdapter.java:87)
	at org.springframework.web.servlet.DispatcherServlet.doDispatch(DispatcherServlet.java:1089)
	at org.springframework.web.servlet.DispatcherServlet.doService(DispatcherServlet.java:979)
	at org.springframework.web.servlet.FrameworkServlet.processRequest(FrameworkServlet.java:1014)
	at org.springframework.web.servlet.FrameworkServlet.doPost(FrameworkServlet.java:914)
	at jakarta.servlet.http.HttpServlet.service(HttpServlet.java:590)
	at org.springframework.web.servlet.FrameworkServlet.service(FrameworkServlet.java:885)
	at jakarta.servlet.http.HttpServlet.service(HttpServlet.java:658)
	at org.apache.catalina.core.ApplicationFilterChain.internalDoFilter(ApplicationFilterChain.java:205)
	at org.apache.catalina.core.ApplicationFilterChain.doFilter(ApplicationFilterChain.java:149)
	at org.apache.tomcat.websocket.server.WsFilter.doFilter(WsFilter.java:51)
	at org.apache.catalina.core.ApplicationFilterChain.internalDoFilter(ApplicationFilterChain.java:174)
	at org.apache.catalina.core.ApplicationFilterChain.doFilter(ApplicationFilterChain.java:149)
	at org.springframework.web.filter.RequestContextFilter.doFilterInternal(RequestContextFilter.java:100)
	at org.springframework.web.filter.OncePerRequestFilter.doFilter(OncePerRequestFilter.java:116)
	at org.apache.catalina.core.ApplicationFilterChain.internalDoFilter(ApplicationFilterChain.java:174)
	at org.apache.catalina.core.ApplicationFilterChain.doFilter(ApplicationFilterChain.java:149)
	at org.springframework.web.filter.FormContentFilter.doFilterInternal(FormContentFilter.java:93)
	at org.springframework.web.filter.OncePerRequestFilter.doFilter(OncePerRequestFilter.java:116)
	at org.apache.catalina.core.ApplicationFilterChain.internalDoFilter(ApplicationFilterChain.java:174)
	at org.apache.catalina.core.ApplicationFilterChain.doFilter(ApplicationFilterChain.java:149)
	at org.springframework.web.filter.ServerHttpObservationFilter.doFilterInternal(ServerHttpObservationFilter.java:109)
	at org.springframework.web.filter.OncePerRequestFilter.doFilter(OncePerRequestFilter.java:116)
	at org.apache.catalina.core.ApplicationFilterChain.internalDoFilter(ApplicationFilterChain.java:174)
	at org.apache.catalina.core.ApplicationFilterChain.doFilter(ApplicationFilterChain.java:149)
	at org.springframework.web.filter.CharacterEncodingFilter.doFilterInternal(CharacterEncodingFilter.java:201)
	at org.springframework.web.filter.OncePerRequestFilter.doFilter(OncePerRequestFilter.java:116)
	at org.apache.catalina.core.ApplicationFilterChain.internalDoFilter(ApplicationFilterChain.java:174)
	at org.apache.catalina.core.ApplicationFilterChain.doFilter(ApplicationFilterChain.java:149)
	at org.apache.catalina.core.StandardWrapperValve.invoke(StandardWrapperValve.java:167)
	at org.apache.catalina.core.StandardContextValve.invoke(StandardContextValve.java:90)
	at org.apache.catalina.authenticator.AuthenticatorBase.invoke(AuthenticatorBase.java:482)
	at org.apache.catalina.core.StandardHostValve.invoke(StandardHostValve.java:115)
	at org.apache.catalina.valves.ErrorReportValve.invoke(ErrorReportValve.java:93)
	at org.apache.catalina.core.StandardEngineValve.invoke(StandardEngineValve.java:74)
	at org.apache.catalina.connector.CoyoteAdapter.service(CoyoteAdapter.java:340)
	at org.apache.coyote.http11.Http11Processor.service(Http11Processor.java:391)
	at org.apache.coyote.AbstractProcessorLight.process(AbstractProcessorLight.java:63)
	at org.apache.coyote.AbstractProtocol$ConnectionHandler.process(AbstractProtocol.java:896)
	at org.apache.tomcat.util.net.NioEndpoint$SocketProcessor.doRun(NioEndpoint.java:1744)
	at org.apache.tomcat.util.net.SocketProcessorBase.run(SocketProcessorBase.java:52)
	at org.apache.tomcat.util.threads.ThreadPoolExecutor.runWorker(ThreadPoolExecutor.java:1191)
	at org.apache.tomcat.util.threads.ThreadPoolExecutor$Worker.run(ThreadPoolExecutor.java:659)
	at org.apache.tomcat.util.threads.TaskThread$WrappingRunnable.run(TaskThread.java:61)
	at java.base/java.lang.Thread.run(Thread.java:840)
Caused by: com.fasterxml.jackson.core.io.JsonEOFException: Unexpected end-of-input: expected close marker for Object (start marker at [Source: (org.springframework.util.StreamUtils$NonClosingInputStream); line: 1, column: 1])
 at [Source: (org.springframework.util.StreamUtils$NonClosingInputStream); line: 65, column: 1]
	at com.fasterxml.jackson.core.base.ParserMinimalBase._reportInvalidEOF(ParserMinimalBase.java:697)
	at com.fasterxml.jackson.core.base.ParserBase._handleEOF(ParserBase.java:512)
	at com.fasterxml.jackson.core.base.ParserBase._eofAsNextChar(ParserBase.java:529)
	at com.fasterxml.jackson.core.json.UTF8StreamJsonParser._skipWSOrEnd2(UTF8StreamJsonParser.java:3175)
	at com.fasterxml.jackson.core.json.UTF8StreamJsonParser._skipWSOrEnd(UTF8StreamJsonParser.java:3145)
	at com.fasterxml.jackson.core.json.UTF8StreamJsonParser.nextFieldName(UTF8StreamJsonParser.java:1040)
	at com.fasterxml.jackson.databind.deser.BeanDeserializer.deserializeFromObject(BeanDeserializer.java:399)
	at com.fasterxml.jackson.databind.deser.BeanDeserializer.deserialize(BeanDeserializer.java:185)
	at com.fasterxml.jackson.databind.deser.DefaultDeserializationContext.readRootValue(DefaultDeserializationContext.java:323)
	at com.fasterxml.jackson.databind.ObjectReader._bindAndClose(ObjectReader.java:2105)
	at com.fasterxml.jackson.databind.ObjectReader.readValue(ObjectReader.java:1481)
	at org.springframework.http.converter.json.AbstractJackson2HttpMessageConverter.readJavaType(AbstractJackson2HttpMessageConverter.java:395)
	... 55 common frames omitted
2025-10-03 13:42:28.104 [http-nio-8080-exec-3] INFO  c.t.o.controller.FlowController - Creating new combined flow with 2 steps
2025-10-03 13:42:28.107 [http-nio-8080-exec-3] INFO  c.t.o.service.CombinedFlowService - Creating new combined flow with 2 steps
2025-10-03 13:42:28.111 [http-nio-8080-exec-3] DEBUG org.hibernate.SQL - select count(*) from applications a1_0 where a1_0.id=?
2025-10-03 13:42:28.116 [http-nio-8080-exec-3] ERROR c.t.o.controller.FlowController - Failed to create flow: Application not found with ID: 0
2025-10-03 13:44:34.028 [http-nio-8080-exec-4] INFO  c.t.o.controller.FlowController - Creating new combined flow with 2 steps
2025-10-03 13:44:34.031 [http-nio-8080-exec-4] INFO  c.t.o.service.CombinedFlowService - Creating new combined flow with 2 steps
2025-10-03 13:44:34.033 [http-nio-8080-exec-4] DEBUG org.hibernate.SQL - select count(*) from applications a1_0 where a1_0.id=?
2025-10-03 13:44:34.036 [http-nio-8080-exec-4] DEBUG org.hibernate.SQL - select count(*) from applications a1_0 where a1_0.id=?
2025-10-03 13:44:34.042 [http-nio-8080-exec-4] DEBUG org.hibernate.SQL - select count(*) from applications a1_0 where a1_0.id=?
2025-10-03 13:44:34.046 [http-nio-8080-exec-4] DEBUG org.hibernate.SQL - insert into test_data (application_id,category,created_at,description,test_data,updated_at,data_id) values (?,?,?,?,? format json,?,default)
2025-10-03 13:44:34.106 [http-nio-8080-exec-4] DEBUG org.hibernate.SQL - insert into flow_steps (application_id,branch,created_at,description,delay_time_unit,delay_value,is_scheduled,scheduled_cron,squash_step_ids,test_data_ids,test_stage,test_tag,updated_at,id) values (?,?,?,?,?,?,?,?,? format json,? format json,?,?,?,default)
2025-10-03 13:44:34.123 [http-nio-8080-exec-4] DEBUG org.hibernate.SQL - select count(*) from applications a1_0 where a1_0.id=?
2025-10-03 13:44:34.124 [http-nio-8080-exec-4] DEBUG org.hibernate.SQL - insert into test_data (application_id,category,created_at,description,test_data,updated_at,data_id) values (?,?,?,?,? format json,?,default)
2025-10-03 13:44:34.129 [http-nio-8080-exec-4] DEBUG org.hibernate.SQL - insert into flow_steps (application_id,branch,created_at,description,delay_time_unit,delay_value,is_scheduled,scheduled_cron,squash_step_ids,test_data_ids,test_stage,test_tag,updated_at,id) values (?,?,?,?,?,?,?,?,? format json,? format json,?,?,?,default)
2025-10-03 13:44:34.138 [http-nio-8080-exec-4] DEBUG org.hibernate.SQL - insert into flows (created_at,flow_step_ids,squash_test_case_id,updated_at,id) values (?,? format json,?,?,default)
2025-10-03 13:44:34.141 [http-nio-8080-exec-4] INFO  c.t.o.service.CombinedFlowService - Combined flow created with ID: 1
2025-10-03 13:45:19.384 [http-nio-8080-exec-5] INFO  c.t.o.c.FlowExecutionController - Starting execution of flow ID: 1
2025-10-03 13:45:19.385 [http-nio-8080-exec-5] INFO  c.t.o.service.FlowExecutionService - Creating flow execution for flow ID: 1
2025-10-03 13:45:19.406 [http-nio-8080-exec-5] DEBUG org.hibernate.SQL - select f1_0.id,f1_0.created_at,f1_0.flow_step_ids,f1_0.squash_test_case_id,f1_0.updated_at from flows f1_0 where f1_0.id=?
2025-10-03 13:45:19.460 [http-nio-8080-exec-5] DEBUG org.hibernate.SQL - select fe1_0.id,fe1_0.created_at,fe1_0.end_time,fe1_0.flow_id,fe1_0.runtime_variables,fe1_0.start_time,fe1_0.status from flow_executions fe1_0 where fe1_0.id=?
2025-10-03 13:45:19.493 [http-nio-8080-exec-5] INFO  c.t.o.service.FlowExecutionService - Created flow execution with ID: a1c1f37d-9b2e-4001-8142-5cd78f2eb149
2025-10-03 13:45:19.507 [http-nio-8080-exec-5] DEBUG org.hibernate.SQL - insert into flow_executions (created_at,end_time,flow_id,runtime_variables,start_time,status,id) values (?,?,?,? format json,?,?,?)
2025-10-03 13:45:19.520 [FlowExecution-1] INFO  c.t.o.service.FlowExecutionService - Starting async execution of flow execution ID: a1c1f37d-9b2e-4001-8142-5cd78f2eb149
2025-10-03 13:45:19.522 [FlowExecution-1] DEBUG org.hibernate.SQL - select fe1_0.id,fe1_0.created_at,fe1_0.end_time,fe1_0.flow_id,fe1_0.runtime_variables,fe1_0.start_time,fe1_0.status from flow_executions fe1_0 where fe1_0.id=?
2025-10-03 13:45:19.530 [FlowExecution-1] DEBUG org.hibernate.SQL - select f1_0.id,f1_0.created_at,f1_0.flow_step_ids,f1_0.squash_test_case_id,f1_0.updated_at from flows f1_0 where f1_0.id=?
2025-10-03 13:45:19.553 [FlowExecution-1] DEBUG org.hibernate.SQL - select fs1_0.id,fs1_0.application_id,fs1_0.branch,fs1_0.created_at,fs1_0.description,fs1_0.delay_time_unit,fs1_0.delay_value,fs1_0.is_scheduled,fs1_0.scheduled_cron,fs1_0.squash_step_ids,fs1_0.test_data_ids,fs1_0.test_stage,fs1_0.test_tag,fs1_0.updated_at from flow_steps fs1_0 where fs1_0.id=?
2025-10-03 13:45:19.565 [FlowExecution-1] DEBUG org.hibernate.SQL - select a1_0.id,a1_0.application_description,a1_0.application_name,a1_0.created_at,a1_0.gitlab_project_id,a1_0.personal_access_token,a1_0.project_name,a1_0.project_url,a1_0.token_status,a1_0.updated_at from applications a1_0 where a1_0.id=?
2025-10-03 13:45:19.589 [FlowExecution-1] DEBUG org.hibernate.SQL - select td1_0.data_id,td1_0.application_id,td1_0.category,td1_0.created_at,td1_0.description,td1_0.test_data,td1_0.updated_at from test_data td1_0 where td1_0.data_id in (?)
2025-10-03 13:45:19.593 [FlowExecution-1] DEBUG c.t.o.service.FlowExecutionService - Pipeline variables for step 1: {SomeKey3=SomeValue3, API_KEY=ashdaskdhasa, additionalProp3=string, additionalProp2=string, SomeKey1=SomeValue1, SomeKey2=SomeValue2}
2025-10-03 13:45:19.597 [FlowExecution-1] INFO  c.t.o.service.FlowExecutionService - Executing pipeline step: 1 for flow execution: a1c1f37d-9b2e-4001-8142-5cd78f2eb149
2025-10-03 13:45:19.602 [FlowExecution-1] DEBUG org.hibernate.SQL - select td1_0.data_id,td1_0.application_id,td1_0.category,td1_0.created_at,td1_0.description,td1_0.test_data,td1_0.updated_at from test_data td1_0 where td1_0.data_id in (?)
2025-10-03 13:45:19.621 [FlowExecution-1] DEBUG org.hibernate.SQL - insert into pipeline_executions (configured_test_data,created_at,end_time,flow_execution_id,flow_id,flow_step_id,is_replay,original_flow_execution_id,pipeline_id,pipeline_url,runtime_test_data,start_time,status,id) values (? format json,?,?,?,?,?,?,?,?,?,? format json,?,?,default)
2025-10-03 13:45:19.627 [FlowExecution-1] DEBUG c.t.o.service.FlowExecutionService - Triggering pipeline with variables: {SomeKey3=SomeValue3, API_KEY=ashdaskdhasa, additionalProp3=string, additionalProp2=string, SomeKey1=SomeValue1, SomeKey2=SomeValue2}
2025-10-03 13:45:19.636 [FlowExecution-1] INFO  c.t.o.util.GitLabApiClient - Triggering GitLab pipeline for project 68536844 on branch main
2025-10-03 13:45:28.248 [reactor-http-nio-3] INFO  c.t.o.util.GitLabApiClient - Pipeline triggered successfully: 2078063243
2025-10-03 13:45:28.249 [FlowExecution-1] INFO  c.t.o.service.FlowExecutionService - Pipeline triggered successfully: 2078063243 for step 1
2025-10-03 13:45:28.249 [FlowExecution-1] INFO  c.t.o.service.FlowExecutionService - Starting to poll pipeline completion for pipeline: 2078063243
2025-10-03 13:45:57.218 [http-nio-8080-exec-6] INFO  c.t.o.c.FlowExecutionController - Starting execution of flow ID: 1
2025-10-03 13:45:57.219 [http-nio-8080-exec-6] INFO  c.t.o.service.FlowExecutionService - Creating flow execution for flow ID: 1
2025-10-03 13:45:57.220 [http-nio-8080-exec-6] DEBUG org.hibernate.SQL - select f1_0.id,f1_0.created_at,f1_0.flow_step_ids,f1_0.squash_test_case_id,f1_0.updated_at from flows f1_0 where f1_0.id=?
2025-10-03 13:45:57.222 [http-nio-8080-exec-6] DEBUG org.hibernate.SQL - select fe1_0.id,fe1_0.created_at,fe1_0.end_time,fe1_0.flow_id,fe1_0.runtime_variables,fe1_0.start_time,fe1_0.status from flow_executions fe1_0 where fe1_0.id=?
2025-10-03 13:45:57.223 [http-nio-8080-exec-6] INFO  c.t.o.service.FlowExecutionService - Created flow execution with ID: 9afaea88-7371-4412-9afe-84c3bb50011a
2025-10-03 13:45:57.224 [http-nio-8080-exec-6] DEBUG org.hibernate.SQL - insert into flow_executions (created_at,end_time,flow_id,runtime_variables,start_time,status,id) values (?,?,?,? format json,?,?,?)
2025-10-03 13:45:57.228 [FlowExecution-2] INFO  c.t.o.service.FlowExecutionService - Starting async execution of flow execution ID: 9afaea88-7371-4412-9afe-84c3bb50011a
2025-10-03 13:45:57.229 [FlowExecution-2] DEBUG org.hibernate.SQL - select fe1_0.id,fe1_0.created_at,fe1_0.end_time,fe1_0.flow_id,fe1_0.runtime_variables,fe1_0.start_time,fe1_0.status from flow_executions fe1_0 where fe1_0.id=?
2025-10-03 13:45:57.234 [FlowExecution-2] DEBUG org.hibernate.SQL - select f1_0.id,f1_0.created_at,f1_0.flow_step_ids,f1_0.squash_test_case_id,f1_0.updated_at from flows f1_0 where f1_0.id=?
2025-10-03 13:45:57.236 [FlowExecution-2] DEBUG org.hibernate.SQL - select fs1_0.id,fs1_0.application_id,fs1_0.branch,fs1_0.created_at,fs1_0.description,fs1_0.delay_time_unit,fs1_0.delay_value,fs1_0.is_scheduled,fs1_0.scheduled_cron,fs1_0.squash_step_ids,fs1_0.test_data_ids,fs1_0.test_stage,fs1_0.test_tag,fs1_0.updated_at from flow_steps fs1_0 where fs1_0.id=?
2025-10-03 13:45:57.239 [FlowExecution-2] DEBUG org.hibernate.SQL - select a1_0.id,a1_0.application_description,a1_0.application_name,a1_0.created_at,a1_0.gitlab_project_id,a1_0.personal_access_token,a1_0.project_name,a1_0.project_url,a1_0.token_status,a1_0.updated_at from applications a1_0 where a1_0.id=?
2025-10-03 13:45:57.242 [FlowExecution-2] DEBUG org.hibernate.SQL - select td1_0.data_id,td1_0.application_id,td1_0.category,td1_0.created_at,td1_0.description,td1_0.test_data,td1_0.updated_at from test_data td1_0 where td1_0.data_id in (?)
2025-10-03 13:45:57.244 [FlowExecution-2] DEBUG c.t.o.service.FlowExecutionService - Pipeline variables for step 1: {SomeKey3=SomeValue3, API_KEY=ashdaskdhasa, additionalProp3=string, additionalProp2=string, SomeKey1=SomeValue1, SomeKey2=SomeValue2}
2025-10-03 13:45:57.245 [FlowExecution-2] INFO  c.t.o.service.FlowExecutionService - Executing pipeline step: 1 for flow execution: 9afaea88-7371-4412-9afe-84c3bb50011a
2025-10-03 13:45:57.249 [FlowExecution-2] DEBUG org.hibernate.SQL - select td1_0.data_id,td1_0.application_id,td1_0.category,td1_0.created_at,td1_0.description,td1_0.test_data,td1_0.updated_at from test_data td1_0 where td1_0.data_id in (?)
2025-10-03 13:45:57.251 [FlowExecution-2] DEBUG org.hibernate.SQL - insert into pipeline_executions (configured_test_data,created_at,end_time,flow_execution_id,flow_id,flow_step_id,is_replay,original_flow_execution_id,pipeline_id,pipeline_url,runtime_test_data,start_time,status,id) values (? format json,?,?,?,?,?,?,?,?,?,? format json,?,?,default)
2025-10-03 13:45:57.254 [FlowExecution-2] DEBUG c.t.o.service.FlowExecutionService - Triggering pipeline with variables: {SomeKey3=SomeValue3, API_KEY=ashdaskdhasa, additionalProp3=string, additionalProp2=string, SomeKey1=SomeValue1, SomeKey2=SomeValue2}
2025-10-03 13:45:57.256 [FlowExecution-2] INFO  c.t.o.util.GitLabApiClient - Triggering GitLab pipeline for project 68536844 on branch main
2025-10-03 13:45:58.420 [reactor-http-nio-3] INFO  c.t.o.util.GitLabApiClient - Pipeline triggered successfully: 2078063914
2025-10-03 13:45:58.421 [FlowExecution-2] INFO  c.t.o.service.FlowExecutionService - Pipeline triggered successfully: 2078063914 for step 1
2025-10-03 13:45:58.421 [FlowExecution-2] INFO  c.t.o.service.FlowExecutionService - Starting to poll pipeline completion for pipeline: 2078063914
2025-10-03 13:46:31.136 [FlowExecution-1] DEBUG c.t.o.util.GitLabApiClient - Getting jobs for pipeline 2078063243
2025-10-03 13:46:31.742 [FlowExecution-1] INFO  c.t.o.service.FlowExecutionService - Found target job 11587749502 in stage setup for pipeline 2078063243
2025-10-03 13:46:31.743 [FlowExecution-1] INFO  c.t.o.util.GitLabApiClient - Downloading artifact target/output.env from job 11587749502
2025-10-03 13:46:32.448 [reactor-http-nio-4] INFO  c.t.o.util.GitLabApiClient - Artifact downloaded successfully from job 11587749502
2025-10-03 13:46:32.449 [FlowExecution-1] DEBUG c.t.o.util.OutputEnvParser - Parsed variable: API_KEY=123456
2025-10-03 13:46:32.450 [FlowExecution-1] DEBUG c.t.o.util.OutputEnvParser - Parsed variable: ENVIRONMENT=production
2025-10-03 13:46:32.450 [FlowExecution-1] DEBUG c.t.o.util.OutputEnvParser - Parsed variable: VERSION=1.0.0
2025-10-03 13:46:32.450 [FlowExecution-1] DEBUG c.t.o.util.OutputEnvParser - Parsed variable: SomeKey1=SomeValue1
2025-10-03 13:46:32.451 [FlowExecution-1] DEBUG c.t.o.util.OutputEnvParser - Parsed variable: SomeKey2=SomeValue2
2025-10-03 13:46:32.451 [FlowExecution-1] DEBUG c.t.o.util.OutputEnvParser - Parsed variable: SomeKey3=SomeValue3
2025-10-03 13:46:32.451 [FlowExecution-1] INFO  c.t.o.util.OutputEnvParser - Successfully parsed 6 variables from output.env
2025-10-03 13:46:32.451 [FlowExecution-1] INFO  c.t.o.service.FlowExecutionService - Successfully downloaded and parsed artifacts from job 11587749502: 6 variables
2025-10-03 13:46:32.453 [FlowExecution-1] INFO  c.t.o.service.FlowExecutionService - Pipeline 2078063243 completed with status: PASSED
2025-10-03 13:46:32.453 [FlowExecution-1] DEBUG c.t.o.service.FlowExecutionService - Accumulated runtime variables after step 1: {SomeKey3=SomeValue3, API_KEY=123456, ENVIRONMENT=production, VERSION=1.0.0, SomeKey1=SomeValue1, SomeKey2=SomeValue2}
2025-10-03 13:46:32.454 [FlowExecution-1] DEBUG org.hibernate.SQL - select fs1_0.id,fs1_0.application_id,fs1_0.branch,fs1_0.created_at,fs1_0.description,fs1_0.delay_time_unit,fs1_0.delay_value,fs1_0.is_scheduled,fs1_0.scheduled_cron,fs1_0.squash_step_ids,fs1_0.test_data_ids,fs1_0.test_stage,fs1_0.test_tag,fs1_0.updated_at from flow_steps fs1_0 where fs1_0.id=?
2025-10-03 13:46:32.456 [FlowExecution-1] DEBUG org.hibernate.SQL - select a1_0.id,a1_0.application_description,a1_0.application_name,a1_0.created_at,a1_0.gitlab_project_id,a1_0.personal_access_token,a1_0.project_name,a1_0.project_url,a1_0.token_status,a1_0.updated_at from applications a1_0 where a1_0.id=?
2025-10-03 13:46:32.464 [FlowExecution-1] DEBUG org.hibernate.SQL - select td1_0.data_id,td1_0.application_id,td1_0.category,td1_0.created_at,td1_0.description,td1_0.test_data,td1_0.updated_at from test_data td1_0 where td1_0.data_id in (?)
2025-10-03 13:46:32.465 [FlowExecution-1] DEBUG c.t.o.service.FlowExecutionService - Pipeline variables for step 2: {SomeKey3=SomeValue3, API_KEY=123456, ENVIRONMENT=production, VERSION=1.0.0, additionalProp3=value 3, additionalProp2=additional prop, SomeKey1=SomeValue1, SomeKey2=SomeValue2}
2025-10-03 13:46:32.465 [FlowExecution-1] INFO  c.t.o.service.FlowExecutionService - Executing pipeline step: 2 for flow execution: a1c1f37d-9b2e-4001-8142-5cd78f2eb149
2025-10-03 13:46:32.468 [FlowExecution-1] DEBUG org.hibernate.SQL - select td1_0.data_id,td1_0.application_id,td1_0.category,td1_0.created_at,td1_0.description,td1_0.test_data,td1_0.updated_at from test_data td1_0 where td1_0.data_id in (?)
2025-10-03 13:46:32.469 [FlowExecution-1] DEBUG org.hibernate.SQL - insert into pipeline_executions (configured_test_data,created_at,end_time,flow_execution_id,flow_id,flow_step_id,is_replay,original_flow_execution_id,pipeline_id,pipeline_url,runtime_test_data,start_time,status,id) values (? format json,?,?,?,?,?,?,?,?,?,? format json,?,?,default)
2025-10-03 13:46:32.471 [FlowExecution-1] DEBUG c.t.o.service.FlowExecutionService - Triggering pipeline with variables: {SomeKey3=SomeValue3, API_KEY=123456, ENVIRONMENT=production, VERSION=1.0.0, additionalProp3=value 3, additionalProp2=additional prop, SomeKey1=SomeValue1, SomeKey2=SomeValue2}
2025-10-03 13:46:32.472 [FlowExecution-1] INFO  c.t.o.util.GitLabApiClient - Triggering GitLab pipeline for project 68536939 on branch main
2025-10-03 13:46:33.467 [reactor-http-nio-3] INFO  c.t.o.util.GitLabApiClient - Pipeline triggered successfully: 2078064688
2025-10-03 13:46:33.469 [FlowExecution-1] INFO  c.t.o.service.FlowExecutionService - Pipeline triggered successfully: 2078064688 for step 2
2025-10-03 13:46:33.470 [FlowExecution-1] INFO  c.t.o.service.FlowExecutionService - Starting to poll pipeline completion for pipeline: 2078064688
2025-10-03 13:47:01.962 [FlowExecution-2] DEBUG c.t.o.util.GitLabApiClient - Getting jobs for pipeline 2078063914
2025-10-03 13:47:03.566 [FlowExecution-2] INFO  c.t.o.service.FlowExecutionService - Found target job 11587753985 in stage setup for pipeline 2078063914
2025-10-03 13:47:03.568 [FlowExecution-2] INFO  c.t.o.util.GitLabApiClient - Downloading artifact target/output.env from job 11587753985
2025-10-03 13:47:04.859 [reactor-http-nio-3] INFO  c.t.o.util.GitLabApiClient - Artifact downloaded successfully from job 11587753985
2025-10-03 13:47:04.860 [FlowExecution-2] DEBUG c.t.o.util.OutputEnvParser - Parsed variable: API_KEY=123456
2025-10-03 13:47:04.861 [FlowExecution-2] DEBUG c.t.o.util.OutputEnvParser - Parsed variable: ENVIRONMENT=production
2025-10-03 13:47:04.862 [FlowExecution-2] DEBUG c.t.o.util.OutputEnvParser - Parsed variable: VERSION=1.0.0
2025-10-03 13:47:04.863 [FlowExecution-2] DEBUG c.t.o.util.OutputEnvParser - Parsed variable: SomeKey1=SomeValue1
2025-10-03 13:47:04.863 [FlowExecution-2] DEBUG c.t.o.util.OutputEnvParser - Parsed variable: SomeKey2=SomeValue2
2025-10-03 13:47:04.864 [FlowExecution-2] DEBUG c.t.o.util.OutputEnvParser - Parsed variable: SomeKey3=SomeValue3
2025-10-03 13:47:04.864 [FlowExecution-2] INFO  c.t.o.util.OutputEnvParser - Successfully parsed 6 variables from output.env
2025-10-03 13:47:04.865 [FlowExecution-2] INFO  c.t.o.service.FlowExecutionService - Successfully downloaded and parsed artifacts from job 11587753985: 6 variables
2025-10-03 13:47:04.867 [FlowExecution-2] INFO  c.t.o.service.FlowExecutionService - Pipeline 2078063914 completed with status: PASSED
2025-10-03 13:47:04.868 [FlowExecution-2] DEBUG c.t.o.service.FlowExecutionService - Accumulated runtime variables after step 1: {SomeKey3=SomeValue3, API_KEY=123456, ENVIRONMENT=production, VERSION=1.0.0, SomeKey1=SomeValue1, SomeKey2=SomeValue2}
2025-10-03 13:47:04.870 [FlowExecution-2] DEBUG org.hibernate.SQL - select fs1_0.id,fs1_0.application_id,fs1_0.branch,fs1_0.created_at,fs1_0.description,fs1_0.delay_time_unit,fs1_0.delay_value,fs1_0.is_scheduled,fs1_0.scheduled_cron,fs1_0.squash_step_ids,fs1_0.test_data_ids,fs1_0.test_stage,fs1_0.test_tag,fs1_0.updated_at from flow_steps fs1_0 where fs1_0.id=?
2025-10-03 13:47:04.877 [FlowExecution-2] DEBUG org.hibernate.SQL - select a1_0.id,a1_0.application_description,a1_0.application_name,a1_0.created_at,a1_0.gitlab_project_id,a1_0.personal_access_token,a1_0.project_name,a1_0.project_url,a1_0.token_status,a1_0.updated_at from applications a1_0 where a1_0.id=?
2025-10-03 13:47:04.892 [FlowExecution-2] DEBUG org.hibernate.SQL - select td1_0.data_id,td1_0.application_id,td1_0.category,td1_0.created_at,td1_0.description,td1_0.test_data,td1_0.updated_at from test_data td1_0 where td1_0.data_id in (?)
2025-10-03 13:47:04.896 [FlowExecution-2] DEBUG c.t.o.service.FlowExecutionService - Pipeline variables for step 2: {SomeKey3=SomeValue3, API_KEY=123456, ENVIRONMENT=production, VERSION=1.0.0, additionalProp3=value 3, additionalProp2=additional prop, SomeKey1=SomeValue1, SomeKey2=SomeValue2}
2025-10-03 13:47:04.897 [FlowExecution-2] INFO  c.t.o.service.FlowExecutionService - Executing pipeline step: 2 for flow execution: 9afaea88-7371-4412-9afe-84c3bb50011a
2025-10-03 13:47:04.903 [FlowExecution-2] DEBUG org.hibernate.SQL - select td1_0.data_id,td1_0.application_id,td1_0.category,td1_0.created_at,td1_0.description,td1_0.test_data,td1_0.updated_at from test_data td1_0 where td1_0.data_id in (?)
2025-10-03 13:47:04.910 [FlowExecution-2] DEBUG org.hibernate.SQL - insert into pipeline_executions (configured_test_data,created_at,end_time,flow_execution_id,flow_id,flow_step_id,is_replay,original_flow_execution_id,pipeline_id,pipeline_url,runtime_test_data,start_time,status,id) values (? format json,?,?,?,?,?,?,?,?,?,? format json,?,?,default)
2025-10-03 13:47:04.913 [FlowExecution-2] DEBUG c.t.o.service.FlowExecutionService - Triggering pipeline with variables: {SomeKey3=SomeValue3, API_KEY=123456, ENVIRONMENT=production, VERSION=1.0.0, additionalProp3=value 3, additionalProp2=additional prop, SomeKey1=SomeValue1, SomeKey2=SomeValue2}
2025-10-03 13:47:04.916 [FlowExecution-2] INFO  c.t.o.util.GitLabApiClient - Triggering GitLab pipeline for project 68536939 on branch main
2025-10-03 13:47:05.845 [reactor-http-nio-3] INFO  c.t.o.util.GitLabApiClient - Pipeline triggered successfully: 2078065427
2025-10-03 13:47:05.847 [FlowExecution-2] INFO  c.t.o.service.FlowExecutionService - Pipeline triggered successfully: 2078065427 for step 2
2025-10-03 13:47:05.847 [FlowExecution-2] INFO  c.t.o.service.FlowExecutionService - Starting to poll pipeline completion for pipeline: 2078065427
2025-10-03 13:47:05.965 [FlowExecution-1] DEBUG c.t.o.util.GitLabApiClient - Getting jobs for pipeline 2078064688
2025-10-03 13:47:07.137 [FlowExecution-1] INFO  c.t.o.service.FlowExecutionService - Found target job 11587759568 in stage setup for pipeline 2078064688
2025-10-03 13:47:07.138 [FlowExecution-1] INFO  c.t.o.util.GitLabApiClient - Downloading artifact target/output.env from job 11587759568
2025-10-03 13:47:07.705 [reactor-http-nio-3] DEBUG c.t.o.util.GitLabApiClient - Failed to download artifact from job 11587759568: 404 Not Found from GET https://gitlab.com/api/v4/projects/68536939/jobs/11587759568/artifacts/target/output.env
2025-10-03 13:47:07.706 [FlowExecution-1] INFO  c.t.o.service.FlowExecutionService - No artifacts available for pipeline 2078064688 in stage 'setup' (this is normal if stage doesn't generate output.env): 404 Not Found from GET https://gitlab.com/api/v4/projects/68536939/jobs/11587759568/artifacts/target/output.env
2025-10-03 13:47:07.707 [FlowExecution-1] INFO  c.t.o.service.FlowExecutionService - Pipeline 2078064688 completed with status: PASSED
2025-10-03 13:47:07.708 [FlowExecution-1] DEBUG c.t.o.service.FlowExecutionService - Accumulated runtime variables after step 2: {SomeKey3=SomeValue3, API_KEY=123456, ENVIRONMENT=production, VERSION=1.0.0, additionalProp3=value 3, additionalProp2=additional prop, SomeKey1=SomeValue1, SomeKey2=SomeValue2}
2025-10-03 13:47:07.709 [FlowExecution-1] INFO  c.t.o.service.FlowExecutionService - Flow execution completed successfully: a1c1f37d-9b2e-4001-8142-5cd78f2eb149
2025-10-03 13:47:07.716 [FlowExecution-1] DEBUG org.hibernate.SQL - update flow_executions set end_time=?,flow_id=?,runtime_variables=? format json,start_time=?,status=? where id=?
2025-10-03 13:47:07.724 [FlowExecution-1] DEBUG org.hibernate.SQL - update pipeline_executions set configured_test_data=? format json,end_time=?,flow_execution_id=?,flow_id=?,flow_step_id=?,is_replay=?,original_flow_execution_id=?,pipeline_id=?,pipeline_url=?,runtime_test_data=? format json,start_time=?,status=? where id=?
2025-10-03 13:47:07.726 [FlowExecution-1] DEBUG org.hibernate.SQL - update pipeline_executions set configured_test_data=? format json,end_time=?,flow_execution_id=?,flow_id=?,flow_step_id=?,is_replay=?,original_flow_execution_id=?,pipeline_id=?,pipeline_url=?,runtime_test_data=? format json,start_time=?,status=? where id=?
2025-10-03 13:47:37.562 [FlowExecution-2] DEBUG c.t.o.util.GitLabApiClient - Getting jobs for pipeline 2078065427
2025-10-03 13:47:38.945 [FlowExecution-2] INFO  c.t.o.service.FlowExecutionService - Found target job 11587765082 in stage setup for pipeline 2078065427
2025-10-03 13:47:38.947 [FlowExecution-2] INFO  c.t.o.util.GitLabApiClient - Downloading artifact target/output.env from job 11587765082
2025-10-03 13:47:39.430 [reactor-http-nio-4] DEBUG c.t.o.util.GitLabApiClient - Failed to download artifact from job 11587765082: 404 Not Found from GET https://gitlab.com/api/v4/projects/68536939/jobs/11587765082/artifacts/target/output.env
2025-10-03 13:47:39.431 [FlowExecution-2] INFO  c.t.o.service.FlowExecutionService - No artifacts available for pipeline 2078065427 in stage 'setup' (this is normal if stage doesn't generate output.env): 404 Not Found from GET https://gitlab.com/api/v4/projects/68536939/jobs/11587765082/artifacts/target/output.env
2025-10-03 13:47:39.432 [FlowExecution-2] INFO  c.t.o.service.FlowExecutionService - Pipeline 2078065427 completed with status: PASSED
2025-10-03 13:47:39.432 [FlowExecution-2] DEBUG c.t.o.service.FlowExecutionService - Accumulated runtime variables after step 2: {SomeKey3=SomeValue3, API_KEY=123456, ENVIRONMENT=production, VERSION=1.0.0, additionalProp3=value 3, additionalProp2=additional prop, SomeKey1=SomeValue1, SomeKey2=SomeValue2}
2025-10-03 13:47:39.433 [FlowExecution-2] INFO  c.t.o.service.FlowExecutionService - Flow execution completed successfully: 9afaea88-7371-4412-9afe-84c3bb50011a
2025-10-03 13:47:39.435 [FlowExecution-2] DEBUG org.hibernate.SQL - update flow_executions set end_time=?,flow_id=?,runtime_variables=? format json,start_time=?,status=? where id=?
2025-10-03 13:47:39.439 [FlowExecution-2] DEBUG org.hibernate.SQL - update pipeline_executions set configured_test_data=? format json,end_time=?,flow_execution_id=?,flow_id=?,flow_step_id=?,is_replay=?,original_flow_execution_id=?,pipeline_id=?,pipeline_url=?,runtime_test_data=? format json,start_time=?,status=? where id=?
2025-10-03 13:47:39.443 [FlowExecution-2] DEBUG org.hibernate.SQL - update pipeline_executions set configured_test_data=? format json,end_time=?,flow_execution_id=?,flow_id=?,flow_step_id=?,is_replay=?,original_flow_execution_id=?,pipeline_id=?,pipeline_url=?,runtime_test_data=? format json,start_time=?,status=? where id=?
2025-10-03 19:15:45.612 [HikariPool-1 housekeeper] WARN  com.zaxxer.hikari.pool.HikariPool - HikariPool-1 - Thread starvation or clock leap detected (housekeeper delta=1h20m41s317ms514s).
