2025-12-08 12:43:43.804 [main] INFO  c.t.o.PipelineOrchestratorApplication - Starting PipelineOrchestratorApplication using Java 17.0.16 with PID 17292 (D:\vibe\flow-forge-v1 - before suites - with branch - latest\target\classes started by Admin in D:\vibe\flow-forge-v1 - before suites - with branch - latest)
2025-12-08 12:43:43.809 [main] DEBUG c.t.o.PipelineOrchestratorApplication - Running with Spring Boot v3.2.0, Spring v6.1.1
2025-12-08 12:43:43.810 [main] INFO  c.t.o.PipelineOrchestratorApplication - The following 1 profile is active: "local"
2025-12-08 12:43:47.316 [main] WARN  org.hibernate.orm.deprecation - HHH90000025: H2Dialect does not need to be specified explicitly using 'hibernate.dialect' (remove the property setting and it will be selected by default)
2025-12-08 12:43:48.519 [main] DEBUG org.hibernate.SQL - create table applications (id bigint generated by default as identity, application_description varchar(255) not null, application_name varchar(255) not null, created_at timestamp(6) not null, gitlab_project_id varchar(255) not null, personal_access_token varchar(255) not null, project_name varchar(255), project_url varchar(255), token_status varchar(255) not null check (token_status in ('ACTIVE','EXPIRED','INVALID')), updated_at timestamp(6) not null, primary key (id))
2025-12-08 12:43:48.534 [main] DEBUG org.hibernate.SQL - create table flow_executions (id uuid not null, created_at timestamp(6) not null, end_time timestamp(6), flow_id bigint not null, runtime_variables json, start_time timestamp(6), status varchar(255) check (status in ('RUNNING','PASSED','FAILED','CANCELLED','SCHEDULED','IN_PROGRESS')), primary key (id))
2025-12-08 12:43:48.540 [main] DEBUG org.hibernate.SQL - create table flow_steps (id bigint generated by default as identity, application_id bigint not null, branch varchar(255) not null, created_at timestamp(6) not null, description varchar(255), timer_days varchar(255), timer_hours varchar(255), timer_minutes varchar(255), scheduler_type varchar(255), squash_step_ids json, test_data_ids json, test_stage varchar(255) not null, test_tag varchar(255) not null, updated_at timestamp(6) not null, primary key (id))
2025-12-08 12:43:48.542 [main] DEBUG org.hibernate.SQL - create table flows (id bigint generated by default as identity, created_at timestamp(6) not null, flow_step_ids json not null, squash_test_case varchar(255) not null, squash_test_case_id bigint not null, updated_at timestamp(6) not null, primary key (id))
2025-12-08 12:43:48.544 [main] DEBUG org.hibernate.SQL - create table pipeline_executions (id bigint generated by default as identity, configured_test_data json, created_at timestamp(6) not null, end_time timestamp(6), flow_execution_id uuid not null, flow_id bigint not null, flow_step_id bigint not null, is_replay boolean not null, original_flow_execution_id uuid, pipeline_id bigint, pipeline_url varchar(255), resume_time timestamp(6), runtime_test_data json, start_time timestamp(6), status varchar(255) check (status in ('RUNNING','PASSED','FAILED','CANCELLED','SCHEDULED','IN_PROGRESS')), primary key (id))
2025-12-08 12:43:48.546 [main] DEBUG org.hibernate.SQL - create table test_data (data_id bigint generated by default as identity, application_id bigint, application_name varchar(255) not null, category varchar(255) not null, created_at timestamp(6) not null, description varchar(255), updated_at timestamp(6) not null, variables json not null, primary key (data_id))
2025-12-08 12:43:50.775 [main] WARN  o.s.b.a.o.j.JpaBaseConfiguration$JpaWebConfiguration - spring.jpa.open-in-view is enabled by default. Therefore, database queries may be performed during view rendering. Explicitly configure spring.jpa.open-in-view to disable this warning
2025-12-08 12:43:51.812 [main] INFO  c.t.o.PipelineOrchestratorApplication - Started PipelineOrchestratorApplication in 8.678 seconds (process running for 9.748)
2025-12-08 12:43:51.830 [scheduling-1] DEBUG c.t.o.service.SchedulingService - Checking for scheduled pipeline executions ready to resume...
2025-12-08 12:43:51.925 [scheduling-1] DEBUG org.hibernate.SQL - select pe1_0.id,pe1_0.configured_test_data,pe1_0.created_at,pe1_0.end_time,pe1_0.flow_execution_id,pe1_0.flow_id,pe1_0.flow_step_id,pe1_0.is_replay,pe1_0.original_flow_execution_id,pe1_0.pipeline_id,pe1_0.pipeline_url,pe1_0.resume_time,pe1_0.runtime_test_data,pe1_0.start_time,pe1_0.status from pipeline_executions pe1_0 where pe1_0.status=? and pe1_0.resume_time<?
2025-12-08 12:43:51.937 [scheduling-1] INFO  c.t.o.service.SchedulingService - Found 0 scheduled executions ready to resume
2025-12-08 12:44:05.588 [http-nio-8080-exec-1] INFO  o.s.web.servlet.DispatcherServlet - Initializing Servlet 'dispatcherServlet'
2025-12-08 12:44:05.591 [http-nio-8080-exec-1] INFO  o.s.web.servlet.DispatcherServlet - Completed initialization in 3 ms
2025-12-08 12:44:06.887 [http-nio-8080-exec-9] INFO  o.s.api.AbstractOpenApiResource - Init duration for springdoc-openapi is: 912 ms
2025-12-08 12:44:51.818 [scheduling-1] DEBUG c.t.o.service.SchedulingService - Checking for scheduled pipeline executions ready to resume...
2025-12-08 12:44:51.823 [scheduling-1] DEBUG org.hibernate.SQL - select pe1_0.id,pe1_0.configured_test_data,pe1_0.created_at,pe1_0.end_time,pe1_0.flow_execution_id,pe1_0.flow_id,pe1_0.flow_step_id,pe1_0.is_replay,pe1_0.original_flow_execution_id,pe1_0.pipeline_id,pe1_0.pipeline_url,pe1_0.resume_time,pe1_0.runtime_test_data,pe1_0.start_time,pe1_0.status from pipeline_executions pe1_0 where pe1_0.status=? and pe1_0.resume_time<?
2025-12-08 12:44:51.824 [scheduling-1] INFO  c.t.o.service.SchedulingService - Found 0 scheduled executions ready to resume
2025-12-08 12:45:51.815 [scheduling-1] DEBUG c.t.o.service.SchedulingService - Checking for scheduled pipeline executions ready to resume...
2025-12-08 12:45:51.819 [scheduling-1] DEBUG org.hibernate.SQL - select pe1_0.id,pe1_0.configured_test_data,pe1_0.created_at,pe1_0.end_time,pe1_0.flow_execution_id,pe1_0.flow_id,pe1_0.flow_step_id,pe1_0.is_replay,pe1_0.original_flow_execution_id,pe1_0.pipeline_id,pe1_0.pipeline_url,pe1_0.resume_time,pe1_0.runtime_test_data,pe1_0.start_time,pe1_0.status from pipeline_executions pe1_0 where pe1_0.status=? and pe1_0.resume_time<?
2025-12-08 12:45:51.821 [scheduling-1] INFO  c.t.o.service.SchedulingService - Found 0 scheduled executions ready to resume
2025-12-08 12:46:51.813 [scheduling-1] DEBUG c.t.o.service.SchedulingService - Checking for scheduled pipeline executions ready to resume...
2025-12-08 12:46:51.819 [scheduling-1] DEBUG org.hibernate.SQL - select pe1_0.id,pe1_0.configured_test_data,pe1_0.created_at,pe1_0.end_time,pe1_0.flow_execution_id,pe1_0.flow_id,pe1_0.flow_step_id,pe1_0.is_replay,pe1_0.original_flow_execution_id,pe1_0.pipeline_id,pe1_0.pipeline_url,pe1_0.resume_time,pe1_0.runtime_test_data,pe1_0.start_time,pe1_0.status from pipeline_executions pe1_0 where pe1_0.status=? and pe1_0.resume_time<?
2025-12-08 12:46:51.821 [scheduling-1] INFO  c.t.o.service.SchedulingService - Found 0 scheduled executions ready to resume
2025-12-08 12:47:51.825 [scheduling-1] DEBUG c.t.o.service.SchedulingService - Checking for scheduled pipeline executions ready to resume...
2025-12-08 12:47:51.829 [scheduling-1] DEBUG org.hibernate.SQL - select pe1_0.id,pe1_0.configured_test_data,pe1_0.created_at,pe1_0.end_time,pe1_0.flow_execution_id,pe1_0.flow_id,pe1_0.flow_step_id,pe1_0.is_replay,pe1_0.original_flow_execution_id,pe1_0.pipeline_id,pe1_0.pipeline_url,pe1_0.resume_time,pe1_0.runtime_test_data,pe1_0.start_time,pe1_0.status from pipeline_executions pe1_0 where pe1_0.status=? and pe1_0.resume_time<?
2025-12-08 12:47:51.830 [scheduling-1] INFO  c.t.o.service.SchedulingService - Found 0 scheduled executions ready to resume
2025-12-08 12:48:51.823 [scheduling-1] DEBUG c.t.o.service.SchedulingService - Checking for scheduled pipeline executions ready to resume...
2025-12-08 12:48:51.829 [scheduling-1] DEBUG org.hibernate.SQL - select pe1_0.id,pe1_0.configured_test_data,pe1_0.created_at,pe1_0.end_time,pe1_0.flow_execution_id,pe1_0.flow_id,pe1_0.flow_step_id,pe1_0.is_replay,pe1_0.original_flow_execution_id,pe1_0.pipeline_id,pe1_0.pipeline_url,pe1_0.resume_time,pe1_0.runtime_test_data,pe1_0.start_time,pe1_0.status from pipeline_executions pe1_0 where pe1_0.status=? and pe1_0.resume_time<?
2025-12-08 12:48:51.831 [scheduling-1] INFO  c.t.o.service.SchedulingService - Found 0 scheduled executions ready to resume
2025-12-08 12:49:35.427 [main] INFO  c.t.o.PipelineOrchestratorApplication - Starting PipelineOrchestratorApplication using Java 17.0.16 with PID 26052 (D:\vibe\flow-forge-v1 - before suites - with branch - latest\target\classes started by Admin in D:\vibe\flow-forge-v1 - before suites - with branch - latest)
2025-12-08 12:49:35.430 [main] DEBUG c.t.o.PipelineOrchestratorApplication - Running with Spring Boot v3.2.0, Spring v6.1.1
2025-12-08 12:49:35.431 [main] INFO  c.t.o.PipelineOrchestratorApplication - The following 1 profile is active: "local"
2025-12-08 12:49:38.661 [main] WARN  org.hibernate.orm.deprecation - HHH90000025: H2Dialect does not need to be specified explicitly using 'hibernate.dialect' (remove the property setting and it will be selected by default)
2025-12-08 12:49:39.700 [main] DEBUG org.hibernate.SQL - create table applications (id bigint generated by default as identity, application_description varchar(255) not null, application_name varchar(255) not null, created_at timestamp(6) not null, gitlab_project_id varchar(255) not null, personal_access_token varchar(255) not null, project_name varchar(255), project_url varchar(255), token_status varchar(255) not null check (token_status in ('ACTIVE','EXPIRED','INVALID')), updated_at timestamp(6) not null, primary key (id))
2025-12-08 12:49:39.714 [main] DEBUG org.hibernate.SQL - create table flow_executions (id uuid not null, created_at timestamp(6) not null, end_time timestamp(6), flow_id bigint not null, runtime_variables json, start_time timestamp(6), status varchar(255) check (status in ('RUNNING','PASSED','FAILED','CANCELLED','SCHEDULED','IN_PROGRESS')), primary key (id))
2025-12-08 12:49:39.718 [main] DEBUG org.hibernate.SQL - create table flow_steps (id bigint generated by default as identity, application_id bigint not null, branch varchar(255) not null, created_at timestamp(6) not null, description varchar(255), timer_days varchar(255), timer_hours varchar(255), timer_minutes varchar(255), scheduler_type varchar(255), squash_step_ids json, test_data_ids json, test_stage varchar(255) not null, test_tag varchar(255) not null, updated_at timestamp(6) not null, primary key (id))
2025-12-08 12:49:39.721 [main] DEBUG org.hibernate.SQL - create table flows (id bigint generated by default as identity, created_at timestamp(6) not null, flow_step_ids json not null, squash_test_case varchar(255) not null, squash_test_case_id bigint not null, updated_at timestamp(6) not null, primary key (id))
2025-12-08 12:49:39.723 [main] DEBUG org.hibernate.SQL - create table pipeline_executions (id bigint generated by default as identity, configured_test_data json, created_at timestamp(6) not null, end_time timestamp(6), flow_execution_id uuid not null, flow_id bigint not null, flow_step_id bigint not null, is_replay boolean not null, original_flow_execution_id uuid, pipeline_id bigint, pipeline_url varchar(255), resume_time timestamp(6), runtime_test_data json, start_time timestamp(6), status varchar(255) check (status in ('RUNNING','PASSED','FAILED','CANCELLED','SCHEDULED','IN_PROGRESS')), primary key (id))
2025-12-08 12:49:39.724 [main] DEBUG org.hibernate.SQL - create table test_data (data_id bigint generated by default as identity, application_id bigint, application_name varchar(255) not null, category varchar(255) not null, created_at timestamp(6) not null, description varchar(255), updated_at timestamp(6) not null, variables json not null, primary key (data_id))
2025-12-08 12:49:41.616 [main] WARN  o.s.b.a.o.j.JpaBaseConfiguration$JpaWebConfiguration - spring.jpa.open-in-view is enabled by default. Therefore, database queries may be performed during view rendering. Explicitly configure spring.jpa.open-in-view to disable this warning
2025-12-08 12:49:42.456 [main] INFO  c.t.o.PipelineOrchestratorApplication - Started PipelineOrchestratorApplication in 7.786 seconds (process running for 8.23)
2025-12-08 12:49:42.475 [scheduling-1] DEBUG c.t.o.service.SchedulingService - Checking for scheduled pipeline executions ready to resume...
2025-12-08 12:49:42.558 [scheduling-1] DEBUG org.hibernate.SQL - select pe1_0.id,pe1_0.configured_test_data,pe1_0.created_at,pe1_0.end_time,pe1_0.flow_execution_id,pe1_0.flow_id,pe1_0.flow_step_id,pe1_0.is_replay,pe1_0.original_flow_execution_id,pe1_0.pipeline_id,pe1_0.pipeline_url,pe1_0.resume_time,pe1_0.runtime_test_data,pe1_0.start_time,pe1_0.status from pipeline_executions pe1_0 where pe1_0.status=? and pe1_0.resume_time<?
2025-12-08 12:49:42.569 [scheduling-1] INFO  c.t.o.service.SchedulingService - Found 0 scheduled executions ready to resume
2025-12-08 12:49:51.289 [http-nio-8080-exec-1] INFO  o.s.web.servlet.DispatcherServlet - Initializing Servlet 'dispatcherServlet'
2025-12-08 12:49:51.291 [http-nio-8080-exec-1] INFO  o.s.web.servlet.DispatcherServlet - Completed initialization in 2 ms
2025-12-08 12:49:52.381 [http-nio-8080-exec-3] INFO  o.s.api.AbstractOpenApiResource - Init duration for springdoc-openapi is: 870 ms
